<?xml version="1.0" encoding="UTF-8"?>
<testsuite name="io.spring.infrastructure.comment.MyBatisCommentRepositoryTest" tests="1" skipped="0" failures="0" errors="0" timestamp="2021-08-18T14:17:43" hostname="nixskillup" time="0.02">
  <properties/>
  <testcase name="should_create_and_fetch_comment_success" classname="io.spring.infrastructure.comment.MyBatisCommentRepositoryTest" time="0.02"/>
  <system-out><![CDATA[
  .   ____          _            __ _ _
 /\\ / ___'_ __ _ _(_)_ __  __ _ \ \ \ \
( ( )\___ | '_ | '_| | '_ \/ _` | \ \ \ \
 \\/  ___)| |_)| | | | | || (_| |  ) ) ) )
  '  |____| .__|_| |_|_| |_\__, | / / / /
 =========|_|==============|___/=/_/_/_/
 :: Spring Boot ::                (v2.4.3)

2021-08-18 14:17:42.455  INFO 12351 --- [    Test worker] i.s.i.c.MyBatisCommentRepositoryTest     : Starting MyBatisCommentRepositoryTest using Java 11.0.11 on nixskillup with PID 12351 (started by root in /repo/test/spring-boot-realworld-example-app)
2021-08-18 14:17:42.456  INFO 12351 --- [    Test worker] i.s.i.c.MyBatisCommentRepositoryTest     : The following profiles are active: test
2021-08-18 14:17:43.029  INFO 12351 --- [    Test worker] o.f.c.internal.license.VersionPrinter    : Flyway Community Edition 7.1.1 by Redgate
2021-08-18 14:17:43.033  INFO 12351 --- [    Test worker] com.zaxxer.hikari.HikariDataSource       : HikariPool-9 - Starting...
2021-08-18 14:17:43.043  INFO 12351 --- [    Test worker] com.zaxxer.hikari.HikariDataSource       : HikariPool-9 - Start completed.
2021-08-18 14:17:43.043  INFO 12351 --- [    Test worker] o.f.c.i.database.base.DatabaseType       : Database: jdbc:sqlite::memory: (SQLite 3.34)
2021-08-18 14:17:43.044  INFO 12351 --- [    Test worker] o.f.core.internal.command.DbValidate     : Successfully validated 1 migration (execution time 00:00.000s)
2021-08-18 14:17:43.046  INFO 12351 --- [    Test worker] o.f.c.i.s.JdbcTableSchemaHistory         : Creating Schema History table "main"."flyway_schema_history" ...
2021-08-18 14:17:43.048  INFO 12351 --- [    Test worker] o.f.core.internal.command.DbMigrate      : Current version of schema "main": << Empty Schema >>
2021-08-18 14:17:43.053  INFO 12351 --- [    Test worker] o.f.core.internal.command.DbMigrate      : Migrating schema "main" to version "1 - create tables"
2021-08-18 14:17:43.056  INFO 12351 --- [    Test worker] o.f.core.internal.command.DbMigrate      : Successfully applied 1 migration to schema "main" (execution time 00:00.008s)
2021-08-18 14:17:43.134  INFO 12351 --- [    Test worker] i.s.i.c.MyBatisCommentRepositoryTest     : Started MyBatisCommentRepositoryTest in 0.706 seconds (JVM running for 51.907)
2021-08-18 14:17:43.149  INFO 12351 --- [    Test worker] o.s.t.c.transaction.TransactionContext   : Began transaction (1) for test context [DefaultTestContext@568aaae0 testClass = MyBatisCommentRepositoryTest, testInstance = io.spring.infrastructure.comment.MyBatisCommentRepositoryTest@310e9f28, testMethod = should_create_and_fetch_comment_success@MyBatisCommentRepositoryTest, testException = [null], mergedContextConfiguration = [MergedContextConfiguration@76bde70 testClass = MyBatisCommentRepositoryTest, locations = '{}', classes = '{class io.spring.RealworldApplication}', contextInitializerClasses = '[]', activeProfiles = '{test}', propertySourceLocations = '{}', propertySourceProperties = '{org.mybatis.spring.boot.test.autoconfigure.MybatisTestContextBootstrapper=true}', contextCustomizers = set[org.springframework.boot.test.autoconfigure.OverrideAutoConfigurationContextCustomizerFactory$DisableAutoConfigurationContextCustomizer@5cddefa3, org.springframework.boot.test.autoconfigure.actuate.metrics.MetricsExportContextCustomizerFactory$DisableMetricExportContextCustomizer@6d6d6a43, org.springframework.boot.test.autoconfigure.filter.TypeExcludeFiltersContextCustomizer@351584c0, org.springframework.boot.test.autoconfigure.properties.PropertyMappingContextCustomizer@99f60a7d, org.springframework.boot.test.autoconfigure.web.servlet.WebDriverContextCustomizerFactory$Customizer@36698e22, [ImportsContextCustomizer@2e5d3b4 key = [org.springframework.boot.test.autoconfigure.jdbc.TestDatabaseAutoConfiguration, org.springframework.boot.autoconfigure.jdbc.DataSourceAutoConfiguration, org.springframework.boot.autoconfigure.cache.CacheAutoConfiguration, org.springframework.boot.autoconfigure.flyway.FlywayAutoConfiguration, org.springframework.boot.autoconfigure.jdbc.DataSourceTransactionManagerAutoConfiguration, org.springframework.boot.autoconfigure.jdbc.JdbcTemplateAutoConfiguration, org.springframework.boot.autoconfigure.liquibase.LiquibaseAutoConfiguration, org.springframework.boot.autoconfigure.transaction.TransactionAutoConfiguration, org.mybatis.spring.boot.autoconfigure.MybatisLanguageDriverAutoConfiguration, org.mybatis.spring.boot.autoconfigure.MybatisAutoConfiguration, io.spring.infrastructure.repository.MyBatisCommentRepository]], org.springframework.boot.test.context.filter.ExcludeFilterContextCustomizer@5f9e60cd, org.springframework.boot.test.json.DuplicateJsonObjectContextCustomizerFactory$DuplicateJsonObjectContextCustomizer@4a39fd90, org.springframework.boot.test.mock.mockito.MockitoContextCustomizer@0, org.springframework.boot.test.context.SpringBootTestArgs@1, org.springframework.boot.test.context.SpringBootTestWebEnvironment@0], contextLoader = 'org.springframework.boot.test.context.SpringBootContextLoader', parent = [null]], attributes = map['org.springframework.test.context.event.ApplicationEventsTestExecutionListener.recordApplicationEvents' -> false]]; transaction manager [org.springframework.jdbc.support.JdbcTransactionManager@2c356f14]; rollback [true]
2021-08-18 14:17:43.152 DEBUG 12351 --- [    Test worker] i.s.i.m.mapper.CommentMapper.insert      : ==>  Preparing: insert into comments(id, body, user_id, article_id, created_at, updated_at) values ( ?, ?, ?, ?, ?, ? )
2021-08-18 14:17:43.152 DEBUG 12351 --- [    Test worker] i.s.i.m.mapper.CommentMapper.insert      : ==> Parameters: 5135fdf4-e1c7-49a6-bb3a-c6a5df94bec2(String), content(String), 123(String), 456(String), 2021-08-18 14:17:43.152(Timestamp), 2021-08-18 14:17:43.152(Timestamp)
2021-08-18 14:17:43.153 DEBUG 12351 --- [    Test worker] i.s.i.m.mapper.CommentMapper.insert      : <==    Updates: 1
2021-08-18 14:17:43.153 DEBUG 12351 --- [    Test worker] i.s.i.m.mapper.CommentMapper.findById    : ==>  Preparing: select id commentId, body commentBody, user_id commentUserId, article_id commentArticleId, created_at commentCreatedAt from comments where id = ? and article_id = ?
2021-08-18 14:17:43.154 DEBUG 12351 --- [    Test worker] i.s.i.m.mapper.CommentMapper.findById    : ==> Parameters: 5135fdf4-e1c7-49a6-bb3a-c6a5df94bec2(String), 456(String)
2021-08-18 14:17:43.155 DEBUG 12351 --- [    Test worker] i.s.i.m.mapper.CommentMapper.findById    : <==      Total: 1
2021-08-18 14:17:43.156  INFO 12351 --- [    Test worker] o.s.t.c.transaction.TransactionContext   : Rolled back transaction for test: [DefaultTestContext@568aaae0 testClass = MyBatisCommentRepositoryTest, testInstance = io.spring.infrastructure.comment.MyBatisCommentRepositoryTest@310e9f28, testMethod = should_create_and_fetch_comment_success@MyBatisCommentRepositoryTest, testException = [null], mergedContextConfiguration = [MergedContextConfiguration@76bde70 testClass = MyBatisCommentRepositoryTest, locations = '{}', classes = '{class io.spring.RealworldApplication}', contextInitializerClasses = '[]', activeProfiles = '{test}', propertySourceLocations = '{}', propertySourceProperties = '{org.mybatis.spring.boot.test.autoconfigure.MybatisTestContextBootstrapper=true}', contextCustomizers = set[org.springframework.boot.test.autoconfigure.OverrideAutoConfigurationContextCustomizerFactory$DisableAutoConfigurationContextCustomizer@5cddefa3, org.springframework.boot.test.autoconfigure.actuate.metrics.MetricsExportContextCustomizerFactory$DisableMetricExportContextCustomizer@6d6d6a43, org.springframework.boot.test.autoconfigure.filter.TypeExcludeFiltersContextCustomizer@351584c0, org.springframework.boot.test.autoconfigure.properties.PropertyMappingContextCustomizer@99f60a7d, org.springframework.boot.test.autoconfigure.web.servlet.WebDriverContextCustomizerFactory$Customizer@36698e22, [ImportsContextCustomizer@2e5d3b4 key = [org.springframework.boot.test.autoconfigure.jdbc.TestDatabaseAutoConfiguration, org.springframework.boot.autoconfigure.jdbc.DataSourceAutoConfiguration, org.springframework.boot.autoconfigure.cache.CacheAutoConfiguration, org.springframework.boot.autoconfigure.flyway.FlywayAutoConfiguration, org.springframework.boot.autoconfigure.jdbc.DataSourceTransactionManagerAutoConfiguration, org.springframework.boot.autoconfigure.jdbc.JdbcTemplateAutoConfiguration, org.springframework.boot.autoconfigure.liquibase.LiquibaseAutoConfiguration, org.springframework.boot.autoconfigure.transaction.TransactionAutoConfiguration, org.mybatis.spring.boot.autoconfigure.MybatisLanguageDriverAutoConfiguration, org.mybatis.spring.boot.autoconfigure.MybatisAutoConfiguration, io.spring.infrastructure.repository.MyBatisCommentRepository]], org.springframework.boot.test.context.filter.ExcludeFilterContextCustomizer@5f9e60cd, org.springframework.boot.test.json.DuplicateJsonObjectContextCustomizerFactory$DuplicateJsonObjectContextCustomizer@4a39fd90, org.springframework.boot.test.mock.mockito.MockitoContextCustomizer@0, org.springframework.boot.test.context.SpringBootTestArgs@1, org.springframework.boot.test.context.SpringBootTestWebEnvironment@0], contextLoader = 'org.springframework.boot.test.context.SpringBootContextLoader', parent = [null]], attributes = map['org.springframework.test.context.event.ApplicationEventsTestExecutionListener.recordApplicationEvents' -> false]]
]]></system-out>
  <system-err><![CDATA[]]></system-err>
</testsuite>
