<?xml version="1.0" encoding="UTF-8"?>
<testsuite name="io.spring.api.ProfileApiTest" tests="3" skipped="0" failures="0" errors="0" timestamp="2021-08-18T14:17:31" hostname="nixskillup" time="0.131">
  <properties/>
  <testcase name="should_unfollow_user_success" classname="io.spring.api.ProfileApiTest" time="0.045"/>
  <testcase name="should_follow_user_success" classname="io.spring.api.ProfileApiTest" time="0.031"/>
  <testcase name="should_get_user_profile_success" classname="io.spring.api.ProfileApiTest" time="0.052"/>
  <system-out><![CDATA[
  .   ____          _            __ _ _
 /\\ / ___'_ __ _ _(_)_ __  __ _ \ \ \ \
( ( )\___ | '_ | '_| | '_ \/ _` | \ \ \ \
 \\/  ___)| |_)| | | | | || (_| |  ) ) ) )
  '  |____| .__|_| |_|_| |_\__, | / / / /
 =========|_|==============|___/=/_/_/_/
 :: Spring Boot ::                (v2.4.3)

2021-08-18 14:17:30.546  INFO 12351 --- [    Test worker] io.spring.api.ProfileApiTest             : Starting ProfileApiTest using Java 11.0.11 on nixskillup with PID 12351 (started by root in /repo/test/spring-boot-realworld-example-app)
2021-08-18 14:17:30.547  INFO 12351 --- [    Test worker] io.spring.api.ProfileApiTest             : No active profile set, falling back to default profiles: default
2021-08-18 14:17:31.202  INFO 12351 --- [    Test worker] .s.s.UserDetailsServiceAutoConfiguration : 

Using generated security password: e4383533-2406-46bf-8678-cff54f012b8b

2021-08-18 14:17:31.331  INFO 12351 --- [    Test worker] o.s.s.web.DefaultSecurityFilterChain     : Will secure any request with [org.springframework.security.web.context.request.async.WebAsyncManagerIntegrationFilter@21d58750, org.springframework.security.web.context.SecurityContextPersistenceFilter@5a4650bb, org.springframework.security.web.header.HeaderWriterFilter@6faf512e, org.springframework.web.filter.CorsFilter@41be3c48, org.springframework.security.web.authentication.logout.LogoutFilter@14cc6489, io.spring.api.security.JwtTokenFilter@247eaf58, org.springframework.security.web.savedrequest.RequestCacheAwareFilter@1c46483a, org.springframework.security.web.servletapi.SecurityContextHolderAwareRequestFilter@9754cbd, org.springframework.security.web.authentication.AnonymousAuthenticationFilter@25217f1e, org.springframework.security.web.session.SessionManagementFilter@66f272af, org.springframework.security.web.access.ExceptionTranslationFilter@13eab59c, org.springframework.security.web.access.intercept.FilterSecurityInterceptor@5cd634f6]
2021-08-18 14:17:31.538  INFO 12351 --- [    Test worker] o.s.s.concurrent.ThreadPoolTaskExecutor  : Initializing ExecutorService 'applicationTaskExecutor'
2021-08-18 14:17:31.723  WARN 12351 --- [    Test worker] ion$DefaultTemplateResolverConfiguration : Cannot find template location: classpath:/templates/ (please add some templates or check your Thymeleaf configuration)
2021-08-18 14:17:31.908  INFO 12351 --- [    Test worker] o.s.b.t.m.w.SpringBootMockServletContext : Initializing Spring TestDispatcherServlet ''
2021-08-18 14:17:31.908  INFO 12351 --- [    Test worker] o.s.t.web.servlet.TestDispatcherServlet  : Initializing Servlet ''
2021-08-18 14:17:31.910  INFO 12351 --- [    Test worker] o.s.t.web.servlet.TestDispatcherServlet  : Completed initialization in 1 ms
2021-08-18 14:17:31.929  INFO 12351 --- [    Test worker] io.spring.api.ProfileApiTest             : Started ProfileApiTest in 1.422 seconds (JVM running for 40.702)
200
Vary: Origin
Vary: Access-Control-Request-Method
Vary: Access-Control-Request-Headers
Content-Type: application/json
X-Content-Type-Options: nosniff
X-XSS-Protection: 1; mode=block
Cache-Control: no-cache, no-store, max-age=0, must-revalidate
Pragma: no-cache
Expires: 0
X-Frame-Options: DENY

{
    "profile": {
        "username": "username",
        "bio": "",
        "image": "",
        "following": false
    }
}
200
Vary: Origin
Vary: Access-Control-Request-Method
Vary: Access-Control-Request-Headers
Content-Type: application/json
X-Content-Type-Options: nosniff
X-XSS-Protection: 1; mode=block
Cache-Control: no-cache, no-store, max-age=0, must-revalidate
Pragma: no-cache
Expires: 0
X-Frame-Options: DENY

{
    "profile": {
        "username": "username",
        "bio": "",
        "image": "",
        "following": false
    }
}
200
Vary: Origin
Vary: Access-Control-Request-Method
Vary: Access-Control-Request-Headers
Content-Type: application/json
X-Content-Type-Options: nosniff
X-XSS-Protection: 1; mode=block
Cache-Control: no-cache, no-store, max-age=0, must-revalidate
Pragma: no-cache
Expires: 0
X-Frame-Options: DENY

{
    "profile": {
        "username": "username",
        "bio": "",
        "image": "",
        "following": false
    }
}
]]></system-out>
  <system-err><![CDATA[]]></system-err>
</testsuite>
