<?xml version="1.0" encoding="UTF-8"?>
<testsuite name="io.spring.api.ArticlesApiTest" tests="3" skipped="0" failures="0" errors="0" timestamp="2021-08-18T14:17:28" hostname="nixskillup" time="0.328">
  <properties/>
  <testcase name="should_get_error_message_with_duplicated_title" classname="io.spring.api.ArticlesApiTest" time="0.081"/>
  <testcase name="should_get_error_message_with_wrong_parameter" classname="io.spring.api.ArticlesApiTest" time="0.065"/>
  <testcase name="should_create_article_success" classname="io.spring.api.ArticlesApiTest" time="0.177"/>
  <system-out><![CDATA[
  .   ____          _            __ _ _
 /\\ / ___'_ __ _ _(_)_ __  __ _ \ \ \ \
( ( )\___ | '_ | '_| | '_ \/ _` | \ \ \ \
 \\/  ___)| |_)| | | | | || (_| |  ) ) ) )
  '  |____| .__|_| |_|_| |_\__, | / / / /
 =========|_|==============|___/=/_/_/_/
 :: Spring Boot ::                (v2.4.3)

2021-08-18 14:17:27.222  INFO 12351 --- [    Test worker] io.spring.api.ArticlesApiTest            : Starting ArticlesApiTest using Java 11.0.11 on nixskillup with PID 12351 (started by root in /repo/test/spring-boot-realworld-example-app)
2021-08-18 14:17:27.224  INFO 12351 --- [    Test worker] io.spring.api.ArticlesApiTest            : No active profile set, falling back to default profiles: default
2021-08-18 14:17:27.840  INFO 12351 --- [    Test worker] .s.s.UserDetailsServiceAutoConfiguration : 

Using generated security password: 31f15f75-f669-427a-a4ac-335055cd3208

2021-08-18 14:17:27.971  INFO 12351 --- [    Test worker] o.s.s.web.DefaultSecurityFilterChain     : Will secure any request with [org.springframework.security.web.context.request.async.WebAsyncManagerIntegrationFilter@c3ca290, org.springframework.security.web.context.SecurityContextPersistenceFilter@7ba7462b, org.springframework.security.web.header.HeaderWriterFilter@20e95b28, org.springframework.web.filter.CorsFilter@2ed1329f, org.springframework.security.web.authentication.logout.LogoutFilter@74332b1b, io.spring.api.security.JwtTokenFilter@62471028, org.springframework.security.web.savedrequest.RequestCacheAwareFilter@2dffbd82, org.springframework.security.web.servletapi.SecurityContextHolderAwareRequestFilter@47a5930e, org.springframework.security.web.authentication.AnonymousAuthenticationFilter@7f0813dc, org.springframework.security.web.session.SessionManagementFilter@131c35f5, org.springframework.security.web.access.ExceptionTranslationFilter@281fc227, org.springframework.security.web.access.intercept.FilterSecurityInterceptor@2f311336]
2021-08-18 14:17:28.159  INFO 12351 --- [    Test worker] o.s.s.concurrent.ThreadPoolTaskExecutor  : Initializing ExecutorService 'applicationTaskExecutor'
2021-08-18 14:17:28.373  WARN 12351 --- [    Test worker] ion$DefaultTemplateResolverConfiguration : Cannot find template location: classpath:/templates/ (please add some templates or check your Thymeleaf configuration)
2021-08-18 14:17:28.556  INFO 12351 --- [    Test worker] o.s.b.t.m.w.SpringBootMockServletContext : Initializing Spring TestDispatcherServlet ''
2021-08-18 14:17:28.557  INFO 12351 --- [    Test worker] o.s.t.web.servlet.TestDispatcherServlet  : Initializing Servlet ''
2021-08-18 14:17:28.558  INFO 12351 --- [    Test worker] o.s.t.web.servlet.TestDispatcherServlet  : Completed initialization in 1 ms
2021-08-18 14:17:28.587  INFO 12351 --- [    Test worker] io.spring.api.ArticlesApiTest            : Started ArticlesApiTest in 1.393 seconds (JVM running for 37.36)
422 Validation failed for argument [0] in public org.springframework.http.ResponseEntity io.spring.api.ArticlesApi.createArticle(io.spring.application.article.NewArticleParam,io.spring.core.user.User): [Field error in object 'newArticleParam' on field 'title': rejected value [How to train your dragon]; codes [DuplicatedArticleConstraint.newArticleParam.title,DuplicatedArticleConstraint.title,DuplicatedArticleConstraint.java.lang.String,DuplicatedArticleConstraint]; arguments [org.springframework.context.support.DefaultMessageSourceResolvable: codes [newArticleParam.title,title]; arguments []; default message [title]]; default message [article name exists]] 
Vary: Origin
Vary: Access-Control-Request-Method
Vary: Access-Control-Request-Headers
Content-Type: application/json
X-Content-Type-Options: nosniff
X-XSS-Protection: 1; mode=block
Cache-Control: no-cache, no-store, max-age=0, must-revalidate
Pragma: no-cache
Expires: 0
X-Frame-Options: DENY

{
    "errors": {
        "title": [
            "article name exists"
        ]
    }
}
422 Validation failed for argument [0] in public org.springframework.http.ResponseEntity io.spring.api.ArticlesApi.createArticle(io.spring.application.article.NewArticleParam,io.spring.core.user.User): [Field error in object 'newArticleParam' on field 'body': rejected value []; codes [NotBlank.newArticleParam.body,NotBlank.body,NotBlank.java.lang.String,NotBlank]; arguments [org.springframework.context.support.DefaultMessageSourceResolvable: codes [newArticleParam.body,body]; arguments []; default message [body]]; default message [can't be empty]] 
Vary: Origin
Vary: Access-Control-Request-Method
Vary: Access-Control-Request-Headers
Content-Type: application/json
X-Content-Type-Options: nosniff
X-XSS-Protection: 1; mode=block
Cache-Control: no-cache, no-store, max-age=0, must-revalidate
Pragma: no-cache
Expires: 0
X-Frame-Options: DENY

{
    "errors": {
        "body": [
            "can't be empty"
        ]
    }
}
]]></system-out>
  <system-err><![CDATA[]]></system-err>
</testsuite>
