<?xml version="1.0" encoding="UTF-8"?>
<testsuite name="io.spring.infrastructure.favorite.MyBatisArticleFavoriteRepositoryTest" tests="2" skipped="0" failures="0" errors="0" timestamp="2021-08-18T14:17:38" hostname="nixskillup" time="0.041">
  <properties/>
  <testcase name="should_remove_favorite_success" classname="io.spring.infrastructure.favorite.MyBatisArticleFavoriteRepositoryTest" time="0.026"/>
  <testcase name="should_save_and_fetch_articleFavorite_success" classname="io.spring.infrastructure.favorite.MyBatisArticleFavoriteRepositoryTest" time="0.014"/>
  <system-out><![CDATA[
  .   ____          _            __ _ _
 /\\ / ___'_ __ _ _(_)_ __  __ _ \ \ \ \
( ( )\___ | '_ | '_| | '_ \/ _` | \ \ \ \
 \\/  ___)| |_)| | | | | || (_| |  ) ) ) )
  '  |____| .__|_| |_|_| |_\__, | / / / /
 =========|_|==============|___/=/_/_/_/
 :: Spring Boot ::                (v2.4.3)

2021-08-18 14:17:37.319  INFO 12351 --- [    Test worker] i.f.MyBatisArticleFavoriteRepositoryTest : Starting MyBatisArticleFavoriteRepositoryTest using Java 11.0.11 on nixskillup with PID 12351 (started by root in /repo/test/spring-boot-realworld-example-app)
2021-08-18 14:17:37.321  INFO 12351 --- [    Test worker] i.f.MyBatisArticleFavoriteRepositoryTest : The following profiles are active: test
2021-08-18 14:17:37.957  INFO 12351 --- [    Test worker] o.f.c.internal.license.VersionPrinter    : Flyway Community Edition 7.1.1 by Redgate
2021-08-18 14:17:37.958  INFO 12351 --- [    Test worker] com.zaxxer.hikari.HikariDataSource       : HikariPool-6 - Starting...
2021-08-18 14:17:37.967  INFO 12351 --- [    Test worker] com.zaxxer.hikari.HikariDataSource       : HikariPool-6 - Start completed.
2021-08-18 14:17:37.967  INFO 12351 --- [    Test worker] o.f.c.i.database.base.DatabaseType       : Database: jdbc:sqlite::memory: (SQLite 3.34)
2021-08-18 14:17:37.970  INFO 12351 --- [    Test worker] o.f.core.internal.command.DbValidate     : Successfully validated 1 migration (execution time 00:00.001s)
2021-08-18 14:17:37.970  INFO 12351 --- [    Test worker] o.f.c.i.s.JdbcTableSchemaHistory         : Creating Schema History table "main"."flyway_schema_history" ...
2021-08-18 14:17:37.972  INFO 12351 --- [    Test worker] o.f.core.internal.command.DbMigrate      : Current version of schema "main": << Empty Schema >>
2021-08-18 14:17:37.974  INFO 12351 --- [    Test worker] o.f.core.internal.command.DbMigrate      : Migrating schema "main" to version "1 - create tables"
2021-08-18 14:17:37.978  INFO 12351 --- [    Test worker] o.f.core.internal.command.DbMigrate      : Successfully applied 1 migration to schema "main" (execution time 00:00.006s)
2021-08-18 14:17:38.036  INFO 12351 --- [    Test worker] i.f.MyBatisArticleFavoriteRepositoryTest : Started MyBatisArticleFavoriteRepositoryTest in 0.756 seconds (JVM running for 46.809)
2021-08-18 14:17:38.046  INFO 12351 --- [    Test worker] o.s.t.c.transaction.TransactionContext   : Began transaction (1) for test context [DefaultTestContext@5a8b3884 testClass = MyBatisArticleFavoriteRepositoryTest, testInstance = io.spring.infrastructure.favorite.MyBatisArticleFavoriteRepositoryTest@2e116abd, testMethod = should_remove_favorite_success@MyBatisArticleFavoriteRepositoryTest, testException = [null], mergedContextConfiguration = [MergedContextConfiguration@53c21720 testClass = MyBatisArticleFavoriteRepositoryTest, locations = '{}', classes = '{class io.spring.RealworldApplication}', contextInitializerClasses = '[]', activeProfiles = '{test}', propertySourceLocations = '{}', propertySourceProperties = '{org.mybatis.spring.boot.test.autoconfigure.MybatisTestContextBootstrapper=true}', contextCustomizers = set[org.springframework.boot.test.autoconfigure.OverrideAutoConfigurationContextCustomizerFactory$DisableAutoConfigurationContextCustomizer@5cddefa3, org.springframework.boot.test.autoconfigure.actuate.metrics.MetricsExportContextCustomizerFactory$DisableMetricExportContextCustomizer@6d6d6a43, org.springframework.boot.test.autoconfigure.filter.TypeExcludeFiltersContextCustomizer@351584c0, org.springframework.boot.test.autoconfigure.properties.PropertyMappingContextCustomizer@99f60a7d, org.springframework.boot.test.autoconfigure.web.servlet.WebDriverContextCustomizerFactory$Customizer@36698e22, [ImportsContextCustomizer@75b8a588 key = [org.springframework.boot.test.autoconfigure.jdbc.TestDatabaseAutoConfiguration, org.springframework.boot.autoconfigure.jdbc.DataSourceAutoConfiguration, org.springframework.boot.autoconfigure.cache.CacheAutoConfiguration, org.springframework.boot.autoconfigure.flyway.FlywayAutoConfiguration, org.springframework.boot.autoconfigure.jdbc.DataSourceTransactionManagerAutoConfiguration, org.springframework.boot.autoconfigure.jdbc.JdbcTemplateAutoConfiguration, org.springframework.boot.autoconfigure.liquibase.LiquibaseAutoConfiguration, org.springframework.boot.autoconfigure.transaction.TransactionAutoConfiguration, org.mybatis.spring.boot.autoconfigure.MybatisLanguageDriverAutoConfiguration, org.mybatis.spring.boot.autoconfigure.MybatisAutoConfiguration, io.spring.infrastructure.repository.MyBatisArticleFavoriteRepository]], org.springframework.boot.test.context.filter.ExcludeFilterContextCustomizer@5f9e60cd, org.springframework.boot.test.json.DuplicateJsonObjectContextCustomizerFactory$DuplicateJsonObjectContextCustomizer@4a39fd90, org.springframework.boot.test.mock.mockito.MockitoContextCustomizer@0, org.springframework.boot.test.context.SpringBootTestArgs@1, org.springframework.boot.test.context.SpringBootTestWebEnvironment@0], contextLoader = 'org.springframework.boot.test.context.SpringBootContextLoader', parent = [null]], attributes = map['org.springframework.test.context.event.ApplicationEventsTestExecutionListener.recordApplicationEvents' -> false]]; transaction manager [org.springframework.jdbc.support.JdbcTransactionManager@6c446e8f]; rollback [true]
2021-08-18 14:17:38.048 DEBUG 12351 --- [    Test worker] i.s.i.m.m.ArticleFavoriteMapper.find     : ==>  Preparing: select AF.article_id articleFavoriteArticleId, AF.user_id articleFavoriteUserId from article_favorites AF where AF.article_id = ? and AF.user_id = ?
2021-08-18 14:17:38.055 DEBUG 12351 --- [    Test worker] i.s.i.m.m.ArticleFavoriteMapper.find     : ==> Parameters: 123(String), 456(String)
2021-08-18 14:17:38.056 DEBUG 12351 --- [    Test worker] i.s.i.m.m.ArticleFavoriteMapper.insert   : ==>  Preparing: insert into article_favorites (article_id, user_id) values (?, ?)
2021-08-18 14:17:38.056 DEBUG 12351 --- [    Test worker] i.s.i.m.m.ArticleFavoriteMapper.insert   : ==> Parameters: 123(String), 456(String)
2021-08-18 14:17:38.057 DEBUG 12351 --- [    Test worker] i.s.i.m.m.ArticleFavoriteMapper.insert   : <==    Updates: 1
2021-08-18 14:17:38.058 DEBUG 12351 --- [    Test worker] i.s.i.m.m.ArticleFavoriteMapper.delete   : ==>  Preparing: delete from article_favorites where article_id = ? and user_id = ?
2021-08-18 14:17:38.058 DEBUG 12351 --- [    Test worker] i.s.i.m.m.ArticleFavoriteMapper.delete   : ==> Parameters: 123(String), 456(String)
2021-08-18 14:17:38.058 DEBUG 12351 --- [    Test worker] i.s.i.m.m.ArticleFavoriteMapper.delete   : <==    Updates: 1
2021-08-18 14:17:38.059 DEBUG 12351 --- [    Test worker] i.s.i.m.m.ArticleFavoriteMapper.find     : ==>  Preparing: select AF.article_id articleFavoriteArticleId, AF.user_id articleFavoriteUserId from article_favorites AF where AF.article_id = ? and AF.user_id = ?
2021-08-18 14:17:38.059 DEBUG 12351 --- [    Test worker] i.s.i.m.m.ArticleFavoriteMapper.find     : ==> Parameters: 123(String), 456(String)
2021-08-18 14:17:38.062  INFO 12351 --- [    Test worker] o.s.t.c.transaction.TransactionContext   : Rolled back transaction for test: [DefaultTestContext@5a8b3884 testClass = MyBatisArticleFavoriteRepositoryTest, testInstance = io.spring.infrastructure.favorite.MyBatisArticleFavoriteRepositoryTest@2e116abd, testMethod = should_remove_favorite_success@MyBatisArticleFavoriteRepositoryTest, testException = [null], mergedContextConfiguration = [MergedContextConfiguration@53c21720 testClass = MyBatisArticleFavoriteRepositoryTest, locations = '{}', classes = '{class io.spring.RealworldApplication}', contextInitializerClasses = '[]', activeProfiles = '{test}', propertySourceLocations = '{}', propertySourceProperties = '{org.mybatis.spring.boot.test.autoconfigure.MybatisTestContextBootstrapper=true}', contextCustomizers = set[org.springframework.boot.test.autoconfigure.OverrideAutoConfigurationContextCustomizerFactory$DisableAutoConfigurationContextCustomizer@5cddefa3, org.springframework.boot.test.autoconfigure.actuate.metrics.MetricsExportContextCustomizerFactory$DisableMetricExportContextCustomizer@6d6d6a43, org.springframework.boot.test.autoconfigure.filter.TypeExcludeFiltersContextCustomizer@351584c0, org.springframework.boot.test.autoconfigure.properties.PropertyMappingContextCustomizer@99f60a7d, org.springframework.boot.test.autoconfigure.web.servlet.WebDriverContextCustomizerFactory$Customizer@36698e22, [ImportsContextCustomizer@75b8a588 key = [org.springframework.boot.test.autoconfigure.jdbc.TestDatabaseAutoConfiguration, org.springframework.boot.autoconfigure.jdbc.DataSourceAutoConfiguration, org.springframework.boot.autoconfigure.cache.CacheAutoConfiguration, org.springframework.boot.autoconfigure.flyway.FlywayAutoConfiguration, org.springframework.boot.autoconfigure.jdbc.DataSourceTransactionManagerAutoConfiguration, org.springframework.boot.autoconfigure.jdbc.JdbcTemplateAutoConfiguration, org.springframework.boot.autoconfigure.liquibase.LiquibaseAutoConfiguration, org.springframework.boot.autoconfigure.transaction.TransactionAutoConfiguration, org.mybatis.spring.boot.autoconfigure.MybatisLanguageDriverAutoConfiguration, org.mybatis.spring.boot.autoconfigure.MybatisAutoConfiguration, io.spring.infrastructure.repository.MyBatisArticleFavoriteRepository]], org.springframework.boot.test.context.filter.ExcludeFilterContextCustomizer@5f9e60cd, org.springframework.boot.test.json.DuplicateJsonObjectContextCustomizerFactory$DuplicateJsonObjectContextCustomizer@4a39fd90, org.springframework.boot.test.mock.mockito.MockitoContextCustomizer@0, org.springframework.boot.test.context.SpringBootTestArgs@1, org.springframework.boot.test.context.SpringBootTestWebEnvironment@0], contextLoader = 'org.springframework.boot.test.context.SpringBootContextLoader', parent = [null]], attributes = map['org.springframework.test.context.event.ApplicationEventsTestExecutionListener.recordApplicationEvents' -> false]]
2021-08-18 14:17:38.073  INFO 12351 --- [    Test worker] o.s.t.c.transaction.TransactionContext   : Began transaction (1) for test context [DefaultTestContext@5a8b3884 testClass = MyBatisArticleFavoriteRepositoryTest, testInstance = io.spring.infrastructure.favorite.MyBatisArticleFavoriteRepositoryTest@53152452, testMethod = should_save_and_fetch_articleFavorite_success@MyBatisArticleFavoriteRepositoryTest, testException = [null], mergedContextConfiguration = [MergedContextConfiguration@53c21720 testClass = MyBatisArticleFavoriteRepositoryTest, locations = '{}', classes = '{class io.spring.RealworldApplication}', contextInitializerClasses = '[]', activeProfiles = '{test}', propertySourceLocations = '{}', propertySourceProperties = '{org.mybatis.spring.boot.test.autoconfigure.MybatisTestContextBootstrapper=true}', contextCustomizers = set[org.springframework.boot.test.autoconfigure.OverrideAutoConfigurationContextCustomizerFactory$DisableAutoConfigurationContextCustomizer@5cddefa3, org.springframework.boot.test.autoconfigure.actuate.metrics.MetricsExportContextCustomizerFactory$DisableMetricExportContextCustomizer@6d6d6a43, org.springframework.boot.test.autoconfigure.filter.TypeExcludeFiltersContextCustomizer@351584c0, org.springframework.boot.test.autoconfigure.properties.PropertyMappingContextCustomizer@99f60a7d, org.springframework.boot.test.autoconfigure.web.servlet.WebDriverContextCustomizerFactory$Customizer@36698e22, [ImportsContextCustomizer@75b8a588 key = [org.springframework.boot.test.autoconfigure.jdbc.TestDatabaseAutoConfiguration, org.springframework.boot.autoconfigure.jdbc.DataSourceAutoConfiguration, org.springframework.boot.autoconfigure.cache.CacheAutoConfiguration, org.springframework.boot.autoconfigure.flyway.FlywayAutoConfiguration, org.springframework.boot.autoconfigure.jdbc.DataSourceTransactionManagerAutoConfiguration, org.springframework.boot.autoconfigure.jdbc.JdbcTemplateAutoConfiguration, org.springframework.boot.autoconfigure.liquibase.LiquibaseAutoConfiguration, org.springframework.boot.autoconfigure.transaction.TransactionAutoConfiguration, org.mybatis.spring.boot.autoconfigure.MybatisLanguageDriverAutoConfiguration, org.mybatis.spring.boot.autoconfigure.MybatisAutoConfiguration, io.spring.infrastructure.repository.MyBatisArticleFavoriteRepository]], org.springframework.boot.test.context.filter.ExcludeFilterContextCustomizer@5f9e60cd, org.springframework.boot.test.json.DuplicateJsonObjectContextCustomizerFactory$DuplicateJsonObjectContextCustomizer@4a39fd90, org.springframework.boot.test.mock.mockito.MockitoContextCustomizer@0, org.springframework.boot.test.context.SpringBootTestArgs@1, org.springframework.boot.test.context.SpringBootTestWebEnvironment@0], contextLoader = 'org.springframework.boot.test.context.SpringBootContextLoader', parent = [null]], attributes = map['org.springframework.test.context.event.ApplicationEventsTestExecutionListener.recordApplicationEvents' -> false]]; transaction manager [org.springframework.jdbc.support.JdbcTransactionManager@6c446e8f]; rollback [true]
2021-08-18 14:17:38.075 DEBUG 12351 --- [    Test worker] i.s.i.m.m.ArticleFavoriteMapper.find     : ==>  Preparing: select AF.article_id articleFavoriteArticleId, AF.user_id articleFavoriteUserId from article_favorites AF where AF.article_id = ? and AF.user_id = ?
2021-08-18 14:17:38.077 DEBUG 12351 --- [    Test worker] i.s.i.m.m.ArticleFavoriteMapper.find     : ==> Parameters: 123(String), 456(String)
2021-08-18 14:17:38.078 DEBUG 12351 --- [    Test worker] i.s.i.m.m.ArticleFavoriteMapper.insert   : ==>  Preparing: insert into article_favorites (article_id, user_id) values (?, ?)
2021-08-18 14:17:38.079 DEBUG 12351 --- [    Test worker] i.s.i.m.m.ArticleFavoriteMapper.insert   : ==> Parameters: 123(String), 456(String)
2021-08-18 14:17:38.079 DEBUG 12351 --- [    Test worker] i.s.i.m.m.ArticleFavoriteMapper.insert   : <==    Updates: 1
2021-08-18 14:17:38.080 DEBUG 12351 --- [    Test worker] i.s.i.m.m.ArticleFavoriteMapper.find     : ==>  Preparing: select AF.article_id articleFavoriteArticleId, AF.user_id articleFavoriteUserId from article_favorites AF where AF.article_id = ? and AF.user_id = ?
2021-08-18 14:17:38.080 DEBUG 12351 --- [    Test worker] i.s.i.m.m.ArticleFavoriteMapper.find     : ==> Parameters: 123(String), 456(String)
2021-08-18 14:17:38.081 DEBUG 12351 --- [    Test worker] i.s.i.m.m.ArticleFavoriteMapper.find     : <==      Total: 1
2021-08-18 14:17:38.085  INFO 12351 --- [    Test worker] o.s.t.c.transaction.TransactionContext   : Rolled back transaction for test: [DefaultTestContext@5a8b3884 testClass = MyBatisArticleFavoriteRepositoryTest, testInstance = io.spring.infrastructure.favorite.MyBatisArticleFavoriteRepositoryTest@53152452, testMethod = should_save_and_fetch_articleFavorite_success@MyBatisArticleFavoriteRepositoryTest, testException = [null], mergedContextConfiguration = [MergedContextConfiguration@53c21720 testClass = MyBatisArticleFavoriteRepositoryTest, locations = '{}', classes = '{class io.spring.RealworldApplication}', contextInitializerClasses = '[]', activeProfiles = '{test}', propertySourceLocations = '{}', propertySourceProperties = '{org.mybatis.spring.boot.test.autoconfigure.MybatisTestContextBootstrapper=true}', contextCustomizers = set[org.springframework.boot.test.autoconfigure.OverrideAutoConfigurationContextCustomizerFactory$DisableAutoConfigurationContextCustomizer@5cddefa3, org.springframework.boot.test.autoconfigure.actuate.metrics.MetricsExportContextCustomizerFactory$DisableMetricExportContextCustomizer@6d6d6a43, org.springframework.boot.test.autoconfigure.filter.TypeExcludeFiltersContextCustomizer@351584c0, org.springframework.boot.test.autoconfigure.properties.PropertyMappingContextCustomizer@99f60a7d, org.springframework.boot.test.autoconfigure.web.servlet.WebDriverContextCustomizerFactory$Customizer@36698e22, [ImportsContextCustomizer@75b8a588 key = [org.springframework.boot.test.autoconfigure.jdbc.TestDatabaseAutoConfiguration, org.springframework.boot.autoconfigure.jdbc.DataSourceAutoConfiguration, org.springframework.boot.autoconfigure.cache.CacheAutoConfiguration, org.springframework.boot.autoconfigure.flyway.FlywayAutoConfiguration, org.springframework.boot.autoconfigure.jdbc.DataSourceTransactionManagerAutoConfiguration, org.springframework.boot.autoconfigure.jdbc.JdbcTemplateAutoConfiguration, org.springframework.boot.autoconfigure.liquibase.LiquibaseAutoConfiguration, org.springframework.boot.autoconfigure.transaction.TransactionAutoConfiguration, org.mybatis.spring.boot.autoconfigure.MybatisLanguageDriverAutoConfiguration, org.mybatis.spring.boot.autoconfigure.MybatisAutoConfiguration, io.spring.infrastructure.repository.MyBatisArticleFavoriteRepository]], org.springframework.boot.test.context.filter.ExcludeFilterContextCustomizer@5f9e60cd, org.springframework.boot.test.json.DuplicateJsonObjectContextCustomizerFactory$DuplicateJsonObjectContextCustomizer@4a39fd90, org.springframework.boot.test.mock.mockito.MockitoContextCustomizer@0, org.springframework.boot.test.context.SpringBootTestArgs@1, org.springframework.boot.test.context.SpringBootTestWebEnvironment@0], contextLoader = 'org.springframework.boot.test.context.SpringBootContextLoader', parent = [null]], attributes = map['org.springframework.test.context.event.ApplicationEventsTestExecutionListener.recordApplicationEvents' -> false]]
]]></system-out>
  <system-err><![CDATA[]]></system-err>
</testsuite>
