<?xml version="1.0" encoding="UTF-8"?>
<testsuite name="io.spring.infrastructure.user.MyBatisUserRepositoryTest" tests="4" skipped="0" failures="0" errors="0" timestamp="2021-08-18T14:17:43" hostname="nixskillup" time="0.109">
  <properties/>
  <testcase name="should_update_user_success" classname="io.spring.infrastructure.user.MyBatisUserRepositoryTest" time="0.041"/>
  <testcase name="should_create_new_user_follow_success" classname="io.spring.infrastructure.user.MyBatisUserRepositoryTest" time="0.028"/>
  <testcase name="should_save_and_fetch_user_success" classname="io.spring.infrastructure.user.MyBatisUserRepositoryTest" time="0.019"/>
  <testcase name="should_unfollow_user_success" classname="io.spring.infrastructure.user.MyBatisUserRepositoryTest" time="0.019"/>
  <system-out><![CDATA[
  .   ____          _            __ _ _
 /\\ / ___'_ __ _ _(_)_ __  __ _ \ \ \ \
( ( )\___ | '_ | '_| | '_ \/ _` | \ \ \ \
 \\/  ___)| |_)| | | | | || (_| |  ) ) ) )
  '  |____| .__|_| |_|_| |_\__, | / / / /
 =========|_|==============|___/=/_/_/_/
 :: Spring Boot ::                (v2.4.3)

2021-08-18 14:17:43.213  INFO 12351 --- [    Test worker] i.s.i.user.MyBatisUserRepositoryTest     : Starting MyBatisUserRepositoryTest using Java 11.0.11 on nixskillup with PID 12351 (started by root in /repo/test/spring-boot-realworld-example-app)
2021-08-18 14:17:43.213  INFO 12351 --- [    Test worker] i.s.i.user.MyBatisUserRepositoryTest     : The following profiles are active: test
2021-08-18 14:17:43.778  INFO 12351 --- [    Test worker] o.f.c.internal.license.VersionPrinter    : Flyway Community Edition 7.1.1 by Redgate
2021-08-18 14:17:43.779  INFO 12351 --- [    Test worker] com.zaxxer.hikari.HikariDataSource       : HikariPool-10 - Starting...
2021-08-18 14:17:43.781  INFO 12351 --- [    Test worker] com.zaxxer.hikari.HikariDataSource       : HikariPool-10 - Start completed.
2021-08-18 14:17:43.781  INFO 12351 --- [    Test worker] o.f.c.i.database.base.DatabaseType       : Database: jdbc:sqlite::memory: (SQLite 3.34)
2021-08-18 14:17:43.782  INFO 12351 --- [    Test worker] o.f.core.internal.command.DbValidate     : Successfully validated 1 migration (execution time 00:00.000s)
2021-08-18 14:17:43.783  INFO 12351 --- [    Test worker] o.f.c.i.s.JdbcTableSchemaHistory         : Creating Schema History table "main"."flyway_schema_history" ...
2021-08-18 14:17:43.784  INFO 12351 --- [    Test worker] o.f.core.internal.command.DbMigrate      : Current version of schema "main": << Empty Schema >>
2021-08-18 14:17:43.786  INFO 12351 --- [    Test worker] o.f.core.internal.command.DbMigrate      : Migrating schema "main" to version "1 - create tables"
2021-08-18 14:17:43.794  INFO 12351 --- [    Test worker] o.f.core.internal.command.DbMigrate      : Successfully applied 1 migration to schema "main" (execution time 00:00.010s)
2021-08-18 14:17:43.854  INFO 12351 --- [    Test worker] i.s.i.user.MyBatisUserRepositoryTest     : Started MyBatisUserRepositoryTest in 0.685 seconds (JVM running for 52.628)
2021-08-18 14:17:43.864  INFO 12351 --- [    Test worker] o.s.t.c.transaction.TransactionContext   : Began transaction (1) for test context [DefaultTestContext@16fb8362 testClass = MyBatisUserRepositoryTest, testInstance = io.spring.infrastructure.user.MyBatisUserRepositoryTest@652d8dba, testMethod = should_update_user_success@MyBatisUserRepositoryTest, testException = [null], mergedContextConfiguration = [MergedContextConfiguration@74e385f8 testClass = MyBatisUserRepositoryTest, locations = '{}', classes = '{class io.spring.RealworldApplication}', contextInitializerClasses = '[]', activeProfiles = '{test}', propertySourceLocations = '{}', propertySourceProperties = '{org.mybatis.spring.boot.test.autoconfigure.MybatisTestContextBootstrapper=true}', contextCustomizers = set[org.springframework.boot.test.autoconfigure.OverrideAutoConfigurationContextCustomizerFactory$DisableAutoConfigurationContextCustomizer@5cddefa3, org.springframework.boot.test.autoconfigure.actuate.metrics.MetricsExportContextCustomizerFactory$DisableMetricExportContextCustomizer@6d6d6a43, org.springframework.boot.test.autoconfigure.filter.TypeExcludeFiltersContextCustomizer@351584c0, org.springframework.boot.test.autoconfigure.properties.PropertyMappingContextCustomizer@99f60a7d, org.springframework.boot.test.autoconfigure.web.servlet.WebDriverContextCustomizerFactory$Customizer@36698e22, [ImportsContextCustomizer@4ed75d52 key = [org.springframework.boot.test.autoconfigure.jdbc.TestDatabaseAutoConfiguration, org.springframework.boot.autoconfigure.jdbc.DataSourceAutoConfiguration, org.springframework.boot.autoconfigure.cache.CacheAutoConfiguration, org.springframework.boot.autoconfigure.flyway.FlywayAutoConfiguration, org.springframework.boot.autoconfigure.jdbc.DataSourceTransactionManagerAutoConfiguration, org.springframework.boot.autoconfigure.jdbc.JdbcTemplateAutoConfiguration, org.springframework.boot.autoconfigure.liquibase.LiquibaseAutoConfiguration, org.springframework.boot.autoconfigure.transaction.TransactionAutoConfiguration, org.mybatis.spring.boot.autoconfigure.MybatisLanguageDriverAutoConfiguration, org.mybatis.spring.boot.autoconfigure.MybatisAutoConfiguration, io.spring.infrastructure.repository.MyBatisUserRepository]], org.springframework.boot.test.context.filter.ExcludeFilterContextCustomizer@5f9e60cd, org.springframework.boot.test.json.DuplicateJsonObjectContextCustomizerFactory$DuplicateJsonObjectContextCustomizer@4a39fd90, org.springframework.boot.test.mock.mockito.MockitoContextCustomizer@0, org.springframework.boot.test.context.SpringBootTestArgs@1, org.springframework.boot.test.context.SpringBootTestWebEnvironment@0], contextLoader = 'org.springframework.boot.test.context.SpringBootContextLoader', parent = [null]], attributes = map['org.springframework.test.context.event.ApplicationEventsTestExecutionListener.recordApplicationEvents' -> false]]; transaction manager [org.springframework.jdbc.support.JdbcTransactionManager@7fad4cc2]; rollback [true]
2021-08-18 14:17:43.873 DEBUG 12351 --- [    Test worker] i.s.i.m.mapper.UserMapper.findById       : ==>  Preparing: select id, username, email, password, bio, image from users where id = ?
2021-08-18 14:17:43.874 DEBUG 12351 --- [    Test worker] i.s.i.m.mapper.UserMapper.findById       : ==> Parameters: e835c7a2-6e7c-4d26-ba65-8c1cf8fa2dbc(String)
2021-08-18 14:17:43.874 DEBUG 12351 --- [    Test worker] i.s.i.mybatis.mapper.UserMapper.insert   : ==>  Preparing: insert into users (id, username, email, password, bio, image) values( ?, ?, ?, ?, ?, ? )
2021-08-18 14:17:43.885 DEBUG 12351 --- [    Test worker] i.s.i.mybatis.mapper.UserMapper.insert   : ==> Parameters: e835c7a2-6e7c-4d26-ba65-8c1cf8fa2dbc(String), aisensiy(String), newemail@email.com(String), 123(String), (String), default(String)
2021-08-18 14:17:43.885 DEBUG 12351 --- [    Test worker] i.s.i.mybatis.mapper.UserMapper.insert   : <==    Updates: 1
2021-08-18 14:17:43.886 DEBUG 12351 --- [    Test worker] i.s.i.m.m.UserMapper.findByUsername      : ==>  Preparing: select * from users where username = ?
2021-08-18 14:17:43.889 DEBUG 12351 --- [    Test worker] i.s.i.m.m.UserMapper.findByUsername      : ==> Parameters: aisensiy(String)
2021-08-18 14:17:43.890 DEBUG 12351 --- [    Test worker] i.s.i.m.m.UserMapper.findByUsername      : <==      Total: 1
2021-08-18 14:17:43.893 DEBUG 12351 --- [    Test worker] i.s.i.m.mapper.UserMapper.findById       : ==>  Preparing: select id, username, email, password, bio, image from users where id = ?
2021-08-18 14:17:43.894 DEBUG 12351 --- [    Test worker] i.s.i.m.mapper.UserMapper.findById       : ==> Parameters: e835c7a2-6e7c-4d26-ba65-8c1cf8fa2dbc(String)
2021-08-18 14:17:43.895 DEBUG 12351 --- [    Test worker] i.s.i.m.mapper.UserMapper.findById       : <==      Total: 1
2021-08-18 14:17:43.898 DEBUG 12351 --- [    Test worker] i.s.i.mybatis.mapper.UserMapper.update   : ==>  Preparing: update users SET username = ?, email = ?, password = ?, image = ? where id = ?
2021-08-18 14:17:43.898 DEBUG 12351 --- [    Test worker] i.s.i.mybatis.mapper.UserMapper.update   : ==> Parameters: newUsername(String), newemail@email.com(String), 123(String), default(String), e835c7a2-6e7c-4d26-ba65-8c1cf8fa2dbc(String)
2021-08-18 14:17:43.899 DEBUG 12351 --- [    Test worker] i.s.i.mybatis.mapper.UserMapper.update   : <==    Updates: 1
2021-08-18 14:17:43.899 DEBUG 12351 --- [    Test worker] i.s.i.m.mapper.UserMapper.findByEmail    : ==>  Preparing: select id, username, email, password, bio, image from users where email = ?
2021-08-18 14:17:43.900 DEBUG 12351 --- [    Test worker] i.s.i.m.mapper.UserMapper.findByEmail    : ==> Parameters: newemail@email.com(String)
2021-08-18 14:17:43.901 DEBUG 12351 --- [    Test worker] i.s.i.m.mapper.UserMapper.findByEmail    : <==      Total: 1
2021-08-18 14:17:43.903  INFO 12351 --- [    Test worker] o.s.t.c.transaction.TransactionContext   : Rolled back transaction for test: [DefaultTestContext@16fb8362 testClass = MyBatisUserRepositoryTest, testInstance = io.spring.infrastructure.user.MyBatisUserRepositoryTest@652d8dba, testMethod = should_update_user_success@MyBatisUserRepositoryTest, testException = [null], mergedContextConfiguration = [MergedContextConfiguration@74e385f8 testClass = MyBatisUserRepositoryTest, locations = '{}', classes = '{class io.spring.RealworldApplication}', contextInitializerClasses = '[]', activeProfiles = '{test}', propertySourceLocations = '{}', propertySourceProperties = '{org.mybatis.spring.boot.test.autoconfigure.MybatisTestContextBootstrapper=true}', contextCustomizers = set[org.springframework.boot.test.autoconfigure.OverrideAutoConfigurationContextCustomizerFactory$DisableAutoConfigurationContextCustomizer@5cddefa3, org.springframework.boot.test.autoconfigure.actuate.metrics.MetricsExportContextCustomizerFactory$DisableMetricExportContextCustomizer@6d6d6a43, org.springframework.boot.test.autoconfigure.filter.TypeExcludeFiltersContextCustomizer@351584c0, org.springframework.boot.test.autoconfigure.properties.PropertyMappingContextCustomizer@99f60a7d, org.springframework.boot.test.autoconfigure.web.servlet.WebDriverContextCustomizerFactory$Customizer@36698e22, [ImportsContextCustomizer@4ed75d52 key = [org.springframework.boot.test.autoconfigure.jdbc.TestDatabaseAutoConfiguration, org.springframework.boot.autoconfigure.jdbc.DataSourceAutoConfiguration, org.springframework.boot.autoconfigure.cache.CacheAutoConfiguration, org.springframework.boot.autoconfigure.flyway.FlywayAutoConfiguration, org.springframework.boot.autoconfigure.jdbc.DataSourceTransactionManagerAutoConfiguration, org.springframework.boot.autoconfigure.jdbc.JdbcTemplateAutoConfiguration, org.springframework.boot.autoconfigure.liquibase.LiquibaseAutoConfiguration, org.springframework.boot.autoconfigure.transaction.TransactionAutoConfiguration, org.mybatis.spring.boot.autoconfigure.MybatisLanguageDriverAutoConfiguration, org.mybatis.spring.boot.autoconfigure.MybatisAutoConfiguration, io.spring.infrastructure.repository.MyBatisUserRepository]], org.springframework.boot.test.context.filter.ExcludeFilterContextCustomizer@5f9e60cd, org.springframework.boot.test.json.DuplicateJsonObjectContextCustomizerFactory$DuplicateJsonObjectContextCustomizer@4a39fd90, org.springframework.boot.test.mock.mockito.MockitoContextCustomizer@0, org.springframework.boot.test.context.SpringBootTestArgs@1, org.springframework.boot.test.context.SpringBootTestWebEnvironment@0], contextLoader = 'org.springframework.boot.test.context.SpringBootContextLoader', parent = [null]], attributes = map['org.springframework.test.context.event.ApplicationEventsTestExecutionListener.recordApplicationEvents' -> false]]
2021-08-18 14:17:43.905  INFO 12351 --- [    Test worker] o.s.t.c.transaction.TransactionContext   : Began transaction (1) for test context [DefaultTestContext@16fb8362 testClass = MyBatisUserRepositoryTest, testInstance = io.spring.infrastructure.user.MyBatisUserRepositoryTest@db43a11, testMethod = should_create_new_user_follow_success@MyBatisUserRepositoryTest, testException = [null], mergedContextConfiguration = [MergedContextConfiguration@74e385f8 testClass = MyBatisUserRepositoryTest, locations = '{}', classes = '{class io.spring.RealworldApplication}', contextInitializerClasses = '[]', activeProfiles = '{test}', propertySourceLocations = '{}', propertySourceProperties = '{org.mybatis.spring.boot.test.autoconfigure.MybatisTestContextBootstrapper=true}', contextCustomizers = set[org.springframework.boot.test.autoconfigure.OverrideAutoConfigurationContextCustomizerFactory$DisableAutoConfigurationContextCustomizer@5cddefa3, org.springframework.boot.test.autoconfigure.actuate.metrics.MetricsExportContextCustomizerFactory$DisableMetricExportContextCustomizer@6d6d6a43, org.springframework.boot.test.autoconfigure.filter.TypeExcludeFiltersContextCustomizer@351584c0, org.springframework.boot.test.autoconfigure.properties.PropertyMappingContextCustomizer@99f60a7d, org.springframework.boot.test.autoconfigure.web.servlet.WebDriverContextCustomizerFactory$Customizer@36698e22, [ImportsContextCustomizer@4ed75d52 key = [org.springframework.boot.test.autoconfigure.jdbc.TestDatabaseAutoConfiguration, org.springframework.boot.autoconfigure.jdbc.DataSourceAutoConfiguration, org.springframework.boot.autoconfigure.cache.CacheAutoConfiguration, org.springframework.boot.autoconfigure.flyway.FlywayAutoConfiguration, org.springframework.boot.autoconfigure.jdbc.DataSourceTransactionManagerAutoConfiguration, org.springframework.boot.autoconfigure.jdbc.JdbcTemplateAutoConfiguration, org.springframework.boot.autoconfigure.liquibase.LiquibaseAutoConfiguration, org.springframework.boot.autoconfigure.transaction.TransactionAutoConfiguration, org.mybatis.spring.boot.autoconfigure.MybatisLanguageDriverAutoConfiguration, org.mybatis.spring.boot.autoconfigure.MybatisAutoConfiguration, io.spring.infrastructure.repository.MyBatisUserRepository]], org.springframework.boot.test.context.filter.ExcludeFilterContextCustomizer@5f9e60cd, org.springframework.boot.test.json.DuplicateJsonObjectContextCustomizerFactory$DuplicateJsonObjectContextCustomizer@4a39fd90, org.springframework.boot.test.mock.mockito.MockitoContextCustomizer@0, org.springframework.boot.test.context.SpringBootTestArgs@1, org.springframework.boot.test.context.SpringBootTestWebEnvironment@0], contextLoader = 'org.springframework.boot.test.context.SpringBootContextLoader', parent = [null]], attributes = map['org.springframework.test.context.event.ApplicationEventsTestExecutionListener.recordApplicationEvents' -> false]]; transaction manager [org.springframework.jdbc.support.JdbcTransactionManager@7fad4cc2]; rollback [true]
2021-08-18 14:17:43.913 DEBUG 12351 --- [    Test worker] i.s.i.m.mapper.UserMapper.findById       : ==>  Preparing: select id, username, email, password, bio, image from users where id = ?
2021-08-18 14:17:43.914 DEBUG 12351 --- [    Test worker] i.s.i.m.mapper.UserMapper.findById       : ==> Parameters: 9cd37359-777f-472c-8abe-d57d7e395daa(String)
2021-08-18 14:17:43.915 DEBUG 12351 --- [    Test worker] i.s.i.mybatis.mapper.UserMapper.insert   : ==>  Preparing: insert into users (id, username, email, password, bio, image) values( ?, ?, ?, ?, ?, ? )
2021-08-18 14:17:43.915 DEBUG 12351 --- [    Test worker] i.s.i.mybatis.mapper.UserMapper.insert   : ==> Parameters: 9cd37359-777f-472c-8abe-d57d7e395daa(String), other(String), other@example.com(String), 123(String), (String), (String)
2021-08-18 14:17:43.915 DEBUG 12351 --- [    Test worker] i.s.i.mybatis.mapper.UserMapper.insert   : <==    Updates: 1
2021-08-18 14:17:43.918 DEBUG 12351 --- [    Test worker] i.s.i.m.mapper.UserMapper.findRelation   : ==>  Preparing: SELECT F.user_id followUserId, F.follow_id followTargetId from follows F where F.user_id = ? and F.follow_id = ?
2021-08-18 14:17:43.919 DEBUG 12351 --- [    Test worker] i.s.i.m.mapper.UserMapper.findRelation   : ==> Parameters: 20f8080a-3d50-41e5-bc2f-e254aa6ecd42(String), 9cd37359-777f-472c-8abe-d57d7e395daa(String)
2021-08-18 14:17:43.921 DEBUG 12351 --- [    Test worker] i.s.i.m.mapper.UserMapper.saveRelation   : ==>  Preparing: insert into follows(user_id, follow_id) values (?, ?)
2021-08-18 14:17:43.922 DEBUG 12351 --- [    Test worker] i.s.i.m.mapper.UserMapper.saveRelation   : ==> Parameters: 20f8080a-3d50-41e5-bc2f-e254aa6ecd42(String), 9cd37359-777f-472c-8abe-d57d7e395daa(String)
2021-08-18 14:17:43.922 DEBUG 12351 --- [    Test worker] i.s.i.m.mapper.UserMapper.saveRelation   : <==    Updates: 1
2021-08-18 14:17:43.923 DEBUG 12351 --- [    Test worker] i.s.i.m.mapper.UserMapper.findRelation   : ==>  Preparing: SELECT F.user_id followUserId, F.follow_id followTargetId from follows F where F.user_id = ? and F.follow_id = ?
2021-08-18 14:17:43.923 DEBUG 12351 --- [    Test worker] i.s.i.m.mapper.UserMapper.findRelation   : ==> Parameters: 20f8080a-3d50-41e5-bc2f-e254aa6ecd42(String), 9cd37359-777f-472c-8abe-d57d7e395daa(String)
2021-08-18 14:17:43.924 DEBUG 12351 --- [    Test worker] i.s.i.m.mapper.UserMapper.findRelation   : <==      Total: 1
2021-08-18 14:17:43.926  INFO 12351 --- [    Test worker] o.s.t.c.transaction.TransactionContext   : Rolled back transaction for test: [DefaultTestContext@16fb8362 testClass = MyBatisUserRepositoryTest, testInstance = io.spring.infrastructure.user.MyBatisUserRepositoryTest@db43a11, testMethod = should_create_new_user_follow_success@MyBatisUserRepositoryTest, testException = [null], mergedContextConfiguration = [MergedContextConfiguration@74e385f8 testClass = MyBatisUserRepositoryTest, locations = '{}', classes = '{class io.spring.RealworldApplication}', contextInitializerClasses = '[]', activeProfiles = '{test}', propertySourceLocations = '{}', propertySourceProperties = '{org.mybatis.spring.boot.test.autoconfigure.MybatisTestContextBootstrapper=true}', contextCustomizers = set[org.springframework.boot.test.autoconfigure.OverrideAutoConfigurationContextCustomizerFactory$DisableAutoConfigurationContextCustomizer@5cddefa3, org.springframework.boot.test.autoconfigure.actuate.metrics.MetricsExportContextCustomizerFactory$DisableMetricExportContextCustomizer@6d6d6a43, org.springframework.boot.test.autoconfigure.filter.TypeExcludeFiltersContextCustomizer@351584c0, org.springframework.boot.test.autoconfigure.properties.PropertyMappingContextCustomizer@99f60a7d, org.springframework.boot.test.autoconfigure.web.servlet.WebDriverContextCustomizerFactory$Customizer@36698e22, [ImportsContextCustomizer@4ed75d52 key = [org.springframework.boot.test.autoconfigure.jdbc.TestDatabaseAutoConfiguration, org.springframework.boot.autoconfigure.jdbc.DataSourceAutoConfiguration, org.springframework.boot.autoconfigure.cache.CacheAutoConfiguration, org.springframework.boot.autoconfigure.flyway.FlywayAutoConfiguration, org.springframework.boot.autoconfigure.jdbc.DataSourceTransactionManagerAutoConfiguration, org.springframework.boot.autoconfigure.jdbc.JdbcTemplateAutoConfiguration, org.springframework.boot.autoconfigure.liquibase.LiquibaseAutoConfiguration, org.springframework.boot.autoconfigure.transaction.TransactionAutoConfiguration, org.mybatis.spring.boot.autoconfigure.MybatisLanguageDriverAutoConfiguration, org.mybatis.spring.boot.autoconfigure.MybatisAutoConfiguration, io.spring.infrastructure.repository.MyBatisUserRepository]], org.springframework.boot.test.context.filter.ExcludeFilterContextCustomizer@5f9e60cd, org.springframework.boot.test.json.DuplicateJsonObjectContextCustomizerFactory$DuplicateJsonObjectContextCustomizer@4a39fd90, org.springframework.boot.test.mock.mockito.MockitoContextCustomizer@0, org.springframework.boot.test.context.SpringBootTestArgs@1, org.springframework.boot.test.context.SpringBootTestWebEnvironment@0], contextLoader = 'org.springframework.boot.test.context.SpringBootContextLoader', parent = [null]], attributes = map['org.springframework.test.context.event.ApplicationEventsTestExecutionListener.recordApplicationEvents' -> false]]
2021-08-18 14:17:43.934  INFO 12351 --- [    Test worker] o.s.t.c.transaction.TransactionContext   : Began transaction (1) for test context [DefaultTestContext@16fb8362 testClass = MyBatisUserRepositoryTest, testInstance = io.spring.infrastructure.user.MyBatisUserRepositoryTest@11d95e37, testMethod = should_save_and_fetch_user_success@MyBatisUserRepositoryTest, testException = [null], mergedContextConfiguration = [MergedContextConfiguration@74e385f8 testClass = MyBatisUserRepositoryTest, locations = '{}', classes = '{class io.spring.RealworldApplication}', contextInitializerClasses = '[]', activeProfiles = '{test}', propertySourceLocations = '{}', propertySourceProperties = '{org.mybatis.spring.boot.test.autoconfigure.MybatisTestContextBootstrapper=true}', contextCustomizers = set[org.springframework.boot.test.autoconfigure.OverrideAutoConfigurationContextCustomizerFactory$DisableAutoConfigurationContextCustomizer@5cddefa3, org.springframework.boot.test.autoconfigure.actuate.metrics.MetricsExportContextCustomizerFactory$DisableMetricExportContextCustomizer@6d6d6a43, org.springframework.boot.test.autoconfigure.filter.TypeExcludeFiltersContextCustomizer@351584c0, org.springframework.boot.test.autoconfigure.properties.PropertyMappingContextCustomizer@99f60a7d, org.springframework.boot.test.autoconfigure.web.servlet.WebDriverContextCustomizerFactory$Customizer@36698e22, [ImportsContextCustomizer@4ed75d52 key = [org.springframework.boot.test.autoconfigure.jdbc.TestDatabaseAutoConfiguration, org.springframework.boot.autoconfigure.jdbc.DataSourceAutoConfiguration, org.springframework.boot.autoconfigure.cache.CacheAutoConfiguration, org.springframework.boot.autoconfigure.flyway.FlywayAutoConfiguration, org.springframework.boot.autoconfigure.jdbc.DataSourceTransactionManagerAutoConfiguration, org.springframework.boot.autoconfigure.jdbc.JdbcTemplateAutoConfiguration, org.springframework.boot.autoconfigure.liquibase.LiquibaseAutoConfiguration, org.springframework.boot.autoconfigure.transaction.TransactionAutoConfiguration, org.mybatis.spring.boot.autoconfigure.MybatisLanguageDriverAutoConfiguration, org.mybatis.spring.boot.autoconfigure.MybatisAutoConfiguration, io.spring.infrastructure.repository.MyBatisUserRepository]], org.springframework.boot.test.context.filter.ExcludeFilterContextCustomizer@5f9e60cd, org.springframework.boot.test.json.DuplicateJsonObjectContextCustomizerFactory$DuplicateJsonObjectContextCustomizer@4a39fd90, org.springframework.boot.test.mock.mockito.MockitoContextCustomizer@0, org.springframework.boot.test.context.SpringBootTestArgs@1, org.springframework.boot.test.context.SpringBootTestWebEnvironment@0], contextLoader = 'org.springframework.boot.test.context.SpringBootContextLoader', parent = [null]], attributes = map['org.springframework.test.context.event.ApplicationEventsTestExecutionListener.recordApplicationEvents' -> false]]; transaction manager [org.springframework.jdbc.support.JdbcTransactionManager@7fad4cc2]; rollback [true]
2021-08-18 14:17:43.936 DEBUG 12351 --- [    Test worker] i.s.i.m.mapper.UserMapper.findById       : ==>  Preparing: select id, username, email, password, bio, image from users where id = ?
2021-08-18 14:17:43.937 DEBUG 12351 --- [    Test worker] i.s.i.m.mapper.UserMapper.findById       : ==> Parameters: 15700bc6-dc5e-41b9-a333-b3cfec8d4d45(String)
2021-08-18 14:17:43.937 DEBUG 12351 --- [    Test worker] i.s.i.mybatis.mapper.UserMapper.insert   : ==>  Preparing: insert into users (id, username, email, password, bio, image) values( ?, ?, ?, ?, ?, ? )
2021-08-18 14:17:43.937 DEBUG 12351 --- [    Test worker] i.s.i.mybatis.mapper.UserMapper.insert   : ==> Parameters: 15700bc6-dc5e-41b9-a333-b3cfec8d4d45(String), aisensiy(String), aisensiy@163.com(String), 123(String), (String), default(String)
2021-08-18 14:17:43.937 DEBUG 12351 --- [    Test worker] i.s.i.mybatis.mapper.UserMapper.insert   : <==    Updates: 1
2021-08-18 14:17:43.938 DEBUG 12351 --- [    Test worker] i.s.i.m.m.UserMapper.findByUsername      : ==>  Preparing: select * from users where username = ?
2021-08-18 14:17:43.938 DEBUG 12351 --- [    Test worker] i.s.i.m.m.UserMapper.findByUsername      : ==> Parameters: aisensiy(String)
2021-08-18 14:17:43.938 DEBUG 12351 --- [    Test worker] i.s.i.m.m.UserMapper.findByUsername      : <==      Total: 1
2021-08-18 14:17:43.939 DEBUG 12351 --- [    Test worker] i.s.i.m.mapper.UserMapper.findByEmail    : ==>  Preparing: select id, username, email, password, bio, image from users where email = ?
2021-08-18 14:17:43.939 DEBUG 12351 --- [    Test worker] i.s.i.m.mapper.UserMapper.findByEmail    : ==> Parameters: aisensiy@163.com(String)
2021-08-18 14:17:43.942 DEBUG 12351 --- [    Test worker] i.s.i.m.mapper.UserMapper.findByEmail    : <==      Total: 1
2021-08-18 14:17:43.948  INFO 12351 --- [    Test worker] o.s.t.c.transaction.TransactionContext   : Rolled back transaction for test: [DefaultTestContext@16fb8362 testClass = MyBatisUserRepositoryTest, testInstance = io.spring.infrastructure.user.MyBatisUserRepositoryTest@11d95e37, testMethod = should_save_and_fetch_user_success@MyBatisUserRepositoryTest, testException = [null], mergedContextConfiguration = [MergedContextConfiguration@74e385f8 testClass = MyBatisUserRepositoryTest, locations = '{}', classes = '{class io.spring.RealworldApplication}', contextInitializerClasses = '[]', activeProfiles = '{test}', propertySourceLocations = '{}', propertySourceProperties = '{org.mybatis.spring.boot.test.autoconfigure.MybatisTestContextBootstrapper=true}', contextCustomizers = set[org.springframework.boot.test.autoconfigure.OverrideAutoConfigurationContextCustomizerFactory$DisableAutoConfigurationContextCustomizer@5cddefa3, org.springframework.boot.test.autoconfigure.actuate.metrics.MetricsExportContextCustomizerFactory$DisableMetricExportContextCustomizer@6d6d6a43, org.springframework.boot.test.autoconfigure.filter.TypeExcludeFiltersContextCustomizer@351584c0, org.springframework.boot.test.autoconfigure.properties.PropertyMappingContextCustomizer@99f60a7d, org.springframework.boot.test.autoconfigure.web.servlet.WebDriverContextCustomizerFactory$Customizer@36698e22, [ImportsContextCustomizer@4ed75d52 key = [org.springframework.boot.test.autoconfigure.jdbc.TestDatabaseAutoConfiguration, org.springframework.boot.autoconfigure.jdbc.DataSourceAutoConfiguration, org.springframework.boot.autoconfigure.cache.CacheAutoConfiguration, org.springframework.boot.autoconfigure.flyway.FlywayAutoConfiguration, org.springframework.boot.autoconfigure.jdbc.DataSourceTransactionManagerAutoConfiguration, org.springframework.boot.autoconfigure.jdbc.JdbcTemplateAutoConfiguration, org.springframework.boot.autoconfigure.liquibase.LiquibaseAutoConfiguration, org.springframework.boot.autoconfigure.transaction.TransactionAutoConfiguration, org.mybatis.spring.boot.autoconfigure.MybatisLanguageDriverAutoConfiguration, org.mybatis.spring.boot.autoconfigure.MybatisAutoConfiguration, io.spring.infrastructure.repository.MyBatisUserRepository]], org.springframework.boot.test.context.filter.ExcludeFilterContextCustomizer@5f9e60cd, org.springframework.boot.test.json.DuplicateJsonObjectContextCustomizerFactory$DuplicateJsonObjectContextCustomizer@4a39fd90, org.springframework.boot.test.mock.mockito.MockitoContextCustomizer@0, org.springframework.boot.test.context.SpringBootTestArgs@1, org.springframework.boot.test.context.SpringBootTestWebEnvironment@0], contextLoader = 'org.springframework.boot.test.context.SpringBootContextLoader', parent = [null]], attributes = map['org.springframework.test.context.event.ApplicationEventsTestExecutionListener.recordApplicationEvents' -> false]]
2021-08-18 14:17:43.954  INFO 12351 --- [    Test worker] o.s.t.c.transaction.TransactionContext   : Began transaction (1) for test context [DefaultTestContext@16fb8362 testClass = MyBatisUserRepositoryTest, testInstance = io.spring.infrastructure.user.MyBatisUserRepositoryTest@50babca7, testMethod = should_unfollow_user_success@MyBatisUserRepositoryTest, testException = [null], mergedContextConfiguration = [MergedContextConfiguration@74e385f8 testClass = MyBatisUserRepositoryTest, locations = '{}', classes = '{class io.spring.RealworldApplication}', contextInitializerClasses = '[]', activeProfiles = '{test}', propertySourceLocations = '{}', propertySourceProperties = '{org.mybatis.spring.boot.test.autoconfigure.MybatisTestContextBootstrapper=true}', contextCustomizers = set[org.springframework.boot.test.autoconfigure.OverrideAutoConfigurationContextCustomizerFactory$DisableAutoConfigurationContextCustomizer@5cddefa3, org.springframework.boot.test.autoconfigure.actuate.metrics.MetricsExportContextCustomizerFactory$DisableMetricExportContextCustomizer@6d6d6a43, org.springframework.boot.test.autoconfigure.filter.TypeExcludeFiltersContextCustomizer@351584c0, org.springframework.boot.test.autoconfigure.properties.PropertyMappingContextCustomizer@99f60a7d, org.springframework.boot.test.autoconfigure.web.servlet.WebDriverContextCustomizerFactory$Customizer@36698e22, [ImportsContextCustomizer@4ed75d52 key = [org.springframework.boot.test.autoconfigure.jdbc.TestDatabaseAutoConfiguration, org.springframework.boot.autoconfigure.jdbc.DataSourceAutoConfiguration, org.springframework.boot.autoconfigure.cache.CacheAutoConfiguration, org.springframework.boot.autoconfigure.flyway.FlywayAutoConfiguration, org.springframework.boot.autoconfigure.jdbc.DataSourceTransactionManagerAutoConfiguration, org.springframework.boot.autoconfigure.jdbc.JdbcTemplateAutoConfiguration, org.springframework.boot.autoconfigure.liquibase.LiquibaseAutoConfiguration, org.springframework.boot.autoconfigure.transaction.TransactionAutoConfiguration, org.mybatis.spring.boot.autoconfigure.MybatisLanguageDriverAutoConfiguration, org.mybatis.spring.boot.autoconfigure.MybatisAutoConfiguration, io.spring.infrastructure.repository.MyBatisUserRepository]], org.springframework.boot.test.context.filter.ExcludeFilterContextCustomizer@5f9e60cd, org.springframework.boot.test.json.DuplicateJsonObjectContextCustomizerFactory$DuplicateJsonObjectContextCustomizer@4a39fd90, org.springframework.boot.test.mock.mockito.MockitoContextCustomizer@0, org.springframework.boot.test.context.SpringBootTestArgs@1, org.springframework.boot.test.context.SpringBootTestWebEnvironment@0], contextLoader = 'org.springframework.boot.test.context.SpringBootContextLoader', parent = [null]], attributes = map['org.springframework.test.context.event.ApplicationEventsTestExecutionListener.recordApplicationEvents' -> false]]; transaction manager [org.springframework.jdbc.support.JdbcTransactionManager@7fad4cc2]; rollback [true]
2021-08-18 14:17:43.956 DEBUG 12351 --- [    Test worker] i.s.i.m.mapper.UserMapper.findById       : ==>  Preparing: select id, username, email, password, bio, image from users where id = ?
2021-08-18 14:17:43.964 DEBUG 12351 --- [    Test worker] i.s.i.m.mapper.UserMapper.findById       : ==> Parameters: 577b7b3a-4146-41ea-bdc2-cb7823648ec3(String)
2021-08-18 14:17:43.965 DEBUG 12351 --- [    Test worker] i.s.i.mybatis.mapper.UserMapper.insert   : ==>  Preparing: insert into users (id, username, email, password, bio, image) values( ?, ?, ?, ?, ?, ? )
2021-08-18 14:17:43.965 DEBUG 12351 --- [    Test worker] i.s.i.mybatis.mapper.UserMapper.insert   : ==> Parameters: 577b7b3a-4146-41ea-bdc2-cb7823648ec3(String), other(String), other@example.com(String), 123(String), (String), (String)
2021-08-18 14:17:43.965 DEBUG 12351 --- [    Test worker] i.s.i.mybatis.mapper.UserMapper.insert   : <==    Updates: 1
2021-08-18 14:17:43.966 DEBUG 12351 --- [    Test worker] i.s.i.m.mapper.UserMapper.findRelation   : ==>  Preparing: SELECT F.user_id followUserId, F.follow_id followTargetId from follows F where F.user_id = ? and F.follow_id = ?
2021-08-18 14:17:43.966 DEBUG 12351 --- [    Test worker] i.s.i.m.mapper.UserMapper.findRelation   : ==> Parameters: 3f4aa776-d9ca-4efe-bc28-3a879532ee81(String), 577b7b3a-4146-41ea-bdc2-cb7823648ec3(String)
2021-08-18 14:17:43.967 DEBUG 12351 --- [    Test worker] i.s.i.m.mapper.UserMapper.saveRelation   : ==>  Preparing: insert into follows(user_id, follow_id) values (?, ?)
2021-08-18 14:17:43.967 DEBUG 12351 --- [    Test worker] i.s.i.m.mapper.UserMapper.saveRelation   : ==> Parameters: 3f4aa776-d9ca-4efe-bc28-3a879532ee81(String), 577b7b3a-4146-41ea-bdc2-cb7823648ec3(String)
2021-08-18 14:17:43.967 DEBUG 12351 --- [    Test worker] i.s.i.m.mapper.UserMapper.saveRelation   : <==    Updates: 1
2021-08-18 14:17:43.968 DEBUG 12351 --- [    Test worker] i.s.i.m.m.UserMapper.deleteRelation      : ==>  Preparing: delete from follows where user_id = ? and follow_id = ?
2021-08-18 14:17:43.968 DEBUG 12351 --- [    Test worker] i.s.i.m.m.UserMapper.deleteRelation      : ==> Parameters: 3f4aa776-d9ca-4efe-bc28-3a879532ee81(String), 577b7b3a-4146-41ea-bdc2-cb7823648ec3(String)
2021-08-18 14:17:43.968 DEBUG 12351 --- [    Test worker] i.s.i.m.m.UserMapper.deleteRelation      : <==    Updates: 1
2021-08-18 14:17:43.969 DEBUG 12351 --- [    Test worker] i.s.i.m.mapper.UserMapper.findRelation   : ==>  Preparing: SELECT F.user_id followUserId, F.follow_id followTargetId from follows F where F.user_id = ? and F.follow_id = ?
2021-08-18 14:17:43.969 DEBUG 12351 --- [    Test worker] i.s.i.m.mapper.UserMapper.findRelation   : ==> Parameters: 3f4aa776-d9ca-4efe-bc28-3a879532ee81(String), 577b7b3a-4146-41ea-bdc2-cb7823648ec3(String)
2021-08-18 14:17:43.971  INFO 12351 --- [    Test worker] o.s.t.c.transaction.TransactionContext   : Rolled back transaction for test: [DefaultTestContext@16fb8362 testClass = MyBatisUserRepositoryTest, testInstance = io.spring.infrastructure.user.MyBatisUserRepositoryTest@50babca7, testMethod = should_unfollow_user_success@MyBatisUserRepositoryTest, testException = [null], mergedContextConfiguration = [MergedContextConfiguration@74e385f8 testClass = MyBatisUserRepositoryTest, locations = '{}', classes = '{class io.spring.RealworldApplication}', contextInitializerClasses = '[]', activeProfiles = '{test}', propertySourceLocations = '{}', propertySourceProperties = '{org.mybatis.spring.boot.test.autoconfigure.MybatisTestContextBootstrapper=true}', contextCustomizers = set[org.springframework.boot.test.autoconfigure.OverrideAutoConfigurationContextCustomizerFactory$DisableAutoConfigurationContextCustomizer@5cddefa3, org.springframework.boot.test.autoconfigure.actuate.metrics.MetricsExportContextCustomizerFactory$DisableMetricExportContextCustomizer@6d6d6a43, org.springframework.boot.test.autoconfigure.filter.TypeExcludeFiltersContextCustomizer@351584c0, org.springframework.boot.test.autoconfigure.properties.PropertyMappingContextCustomizer@99f60a7d, org.springframework.boot.test.autoconfigure.web.servlet.WebDriverContextCustomizerFactory$Customizer@36698e22, [ImportsContextCustomizer@4ed75d52 key = [org.springframework.boot.test.autoconfigure.jdbc.TestDatabaseAutoConfiguration, org.springframework.boot.autoconfigure.jdbc.DataSourceAutoConfiguration, org.springframework.boot.autoconfigure.cache.CacheAutoConfiguration, org.springframework.boot.autoconfigure.flyway.FlywayAutoConfiguration, org.springframework.boot.autoconfigure.jdbc.DataSourceTransactionManagerAutoConfiguration, org.springframework.boot.autoconfigure.jdbc.JdbcTemplateAutoConfiguration, org.springframework.boot.autoconfigure.liquibase.LiquibaseAutoConfiguration, org.springframework.boot.autoconfigure.transaction.TransactionAutoConfiguration, org.mybatis.spring.boot.autoconfigure.MybatisLanguageDriverAutoConfiguration, org.mybatis.spring.boot.autoconfigure.MybatisAutoConfiguration, io.spring.infrastructure.repository.MyBatisUserRepository]], org.springframework.boot.test.context.filter.ExcludeFilterContextCustomizer@5f9e60cd, org.springframework.boot.test.json.DuplicateJsonObjectContextCustomizerFactory$DuplicateJsonObjectContextCustomizer@4a39fd90, org.springframework.boot.test.mock.mockito.MockitoContextCustomizer@0, org.springframework.boot.test.context.SpringBootTestArgs@1, org.springframework.boot.test.context.SpringBootTestWebEnvironment@0], contextLoader = 'org.springframework.boot.test.context.SpringBootContextLoader', parent = [null]], attributes = map['org.springframework.test.context.event.ApplicationEventsTestExecutionListener.recordApplicationEvents' -> false]]
]]></system-out>
  <system-err><![CDATA[]]></system-err>
</testsuite>
