<?xml version="1.0" encoding="UTF-8"?>
<testsuite name="io.spring.api.ArticleApiTest" tests="6" skipped="0" failures="0" errors="0" timestamp="2021-08-18T14:17:24" hostname="nixskillup" time="0.367">
  <properties/>
  <testcase name="should_read_article_success" classname="io.spring.api.ArticleApiTest" time="0.124"/>
  <testcase name="should_update_article_content_success" classname="io.spring.api.ArticleApiTest" time="0.084"/>
  <testcase name="should_403_if_not_author_delete_article" classname="io.spring.api.ArticleApiTest" time="0.033"/>
  <testcase name="should_delete_article_success" classname="io.spring.api.ArticleApiTest" time="0.019"/>
  <testcase name="should_get_403_if_not_author_to_update_article" classname="io.spring.api.ArticleApiTest" time="0.03"/>
  <testcase name="should_404_if_article_not_found" classname="io.spring.api.ArticleApiTest" time="0.034"/>
  <system-out><![CDATA[
  .   ____          _            __ _ _
 /\\ / ___'_ __ _ _(_)_ __  __ _ \ \ \ \
( ( )\___ | '_ | '_| | '_ \/ _` | \ \ \ \
 \\/  ___)| |_)| | | | | || (_| |  ) ) ) )
  '  |____| .__|_| |_|_| |_\__, | / / / /
 =========|_|==============|___/=/_/_/_/
 :: Spring Boot ::                (v2.4.3)

2021-08-18 14:17:23.279  INFO 12351 --- [    Test worker] io.spring.api.ArticleApiTest             : Starting ArticleApiTest using Java 11.0.11 on nixskillup with PID 12351 (started by root in /repo/test/spring-boot-realworld-example-app)
2021-08-18 14:17:23.280  INFO 12351 --- [    Test worker] io.spring.api.ArticleApiTest             : No active profile set, falling back to default profiles: default
2021-08-18 14:17:24.012  INFO 12351 --- [    Test worker] .s.s.UserDetailsServiceAutoConfiguration : 

Using generated security password: 3eb19894-ddde-48d2-b82d-1d8cba8f8bde

2021-08-18 14:17:24.144  INFO 12351 --- [    Test worker] o.s.s.web.DefaultSecurityFilterChain     : Will secure any request with [org.springframework.security.web.context.request.async.WebAsyncManagerIntegrationFilter@1e383841, org.springframework.security.web.context.SecurityContextPersistenceFilter@44d848c8, org.springframework.security.web.header.HeaderWriterFilter@3ff6033, org.springframework.web.filter.CorsFilter@174c25c2, org.springframework.security.web.authentication.logout.LogoutFilter@e849afd, io.spring.api.security.JwtTokenFilter@45bbfe5c, org.springframework.security.web.savedrequest.RequestCacheAwareFilter@68d1a825, org.springframework.security.web.servletapi.SecurityContextHolderAwareRequestFilter@1057a3f4, org.springframework.security.web.authentication.AnonymousAuthenticationFilter@207aba45, org.springframework.security.web.session.SessionManagementFilter@686e17af, org.springframework.security.web.access.ExceptionTranslationFilter@4c8c052b, org.springframework.security.web.access.intercept.FilterSecurityInterceptor@33425fb7]
2021-08-18 14:17:24.346  INFO 12351 --- [    Test worker] o.s.s.concurrent.ThreadPoolTaskExecutor  : Initializing ExecutorService 'applicationTaskExecutor'
2021-08-18 14:17:24.528  WARN 12351 --- [    Test worker] ion$DefaultTemplateResolverConfiguration : Cannot find template location: classpath:/templates/ (please add some templates or check your Thymeleaf configuration)
2021-08-18 14:17:24.732  INFO 12351 --- [    Test worker] o.s.b.t.m.w.SpringBootMockServletContext : Initializing Spring TestDispatcherServlet ''
2021-08-18 14:17:24.746  INFO 12351 --- [    Test worker] o.s.t.web.servlet.TestDispatcherServlet  : Initializing Servlet ''
2021-08-18 14:17:24.749  INFO 12351 --- [    Test worker] o.s.t.web.servlet.TestDispatcherServlet  : Completed initialization in 1 ms
2021-08-18 14:17:24.767  INFO 12351 --- [    Test worker] io.spring.api.ArticleApiTest             : Started ArticleApiTest in 1.553 seconds (JVM running for 33.54)
]]></system-out>
  <system-err><![CDATA[]]></system-err>
</testsuite>
