<?xml version="1.0" encoding="UTF-8"?>
<testsuite name="io.spring.api.CurrentUserApiTest" tests="6" skipped="0" failures="0" errors="0" timestamp="2021-08-18T14:17:26" hostname="nixskillup" time="0.452">
  <properties/>
  <testcase name="should_get_401_with_invalid_token" classname="io.spring.api.CurrentUserApiTest" time="0.014"/>
  <testcase name="should_get_401_if_not_login" classname="io.spring.api.CurrentUserApiTest" time="0.032"/>
  <testcase name="should_get_current_user_with_token" classname="io.spring.api.CurrentUserApiTest" time="0.155"/>
  <testcase name="should_get_error_if_email_exists_when_update_user_profile" classname="io.spring.api.CurrentUserApiTest" time="0.154"/>
  <testcase name="should_update_current_user_profile" classname="io.spring.api.CurrentUserApiTest" time="0.057"/>
  <testcase name="should_get_401_without_token" classname="io.spring.api.CurrentUserApiTest" time="0.022"/>
  <system-out><![CDATA[
  .   ____          _            __ _ _
 /\\ / ___'_ __ _ _(_)_ __  __ _ \ \ \ \
( ( )\___ | '_ | '_| | '_ \/ _` | \ \ \ \
 \\/  ___)| |_)| | | | | || (_| |  ) ) ) )
  '  |____| .__|_| |_|_| |_\__, | / / / /
 =========|_|==============|___/=/_/_/_/
 :: Spring Boot ::                (v2.4.3)

2021-08-18 14:17:25.196  INFO 12351 --- [    Test worker] io.spring.api.CurrentUserApiTest         : Starting CurrentUserApiTest using Java 11.0.11 on nixskillup with PID 12351 (started by root in /repo/test/spring-boot-realworld-example-app)
2021-08-18 14:17:25.202  INFO 12351 --- [    Test worker] io.spring.api.CurrentUserApiTest         : No active profile set, falling back to default profiles: default
2021-08-18 14:17:25.924  INFO 12351 --- [    Test worker] .s.s.UserDetailsServiceAutoConfiguration : 

Using generated security password: c694d21f-dc75-40da-949c-a662a1ddaa31

2021-08-18 14:17:26.052  INFO 12351 --- [    Test worker] o.s.s.web.DefaultSecurityFilterChain     : Will secure any request with [org.springframework.security.web.context.request.async.WebAsyncManagerIntegrationFilter@59438c5a, org.springframework.security.web.context.SecurityContextPersistenceFilter@10b8709f, org.springframework.security.web.header.HeaderWriterFilter@70b007ae, org.springframework.web.filter.CorsFilter@3e8ce52f, org.springframework.security.web.authentication.logout.LogoutFilter@76c1da96, io.spring.api.security.JwtTokenFilter@68466e6e, org.springframework.security.web.savedrequest.RequestCacheAwareFilter@384072cd, org.springframework.security.web.servletapi.SecurityContextHolderAwareRequestFilter@483d8f1c, org.springframework.security.web.authentication.AnonymousAuthenticationFilter@6fb50463, org.springframework.security.web.session.SessionManagementFilter@122ffa3d, org.springframework.security.web.access.ExceptionTranslationFilter@2b106805, org.springframework.security.web.access.intercept.FilterSecurityInterceptor@656011a7]
2021-08-18 14:17:26.262  INFO 12351 --- [    Test worker] o.s.s.concurrent.ThreadPoolTaskExecutor  : Initializing ExecutorService 'applicationTaskExecutor'
2021-08-18 14:17:26.479  WARN 12351 --- [    Test worker] ion$DefaultTemplateResolverConfiguration : Cannot find template location: classpath:/templates/ (please add some templates or check your Thymeleaf configuration)
2021-08-18 14:17:26.662  INFO 12351 --- [    Test worker] o.s.b.t.m.w.SpringBootMockServletContext : Initializing Spring TestDispatcherServlet ''
2021-08-18 14:17:26.663  INFO 12351 --- [    Test worker] o.s.t.web.servlet.TestDispatcherServlet  : Initializing Servlet ''
2021-08-18 14:17:26.663  INFO 12351 --- [    Test worker] o.s.t.web.servlet.TestDispatcherServlet  : Completed initialization in 0 ms
2021-08-18 14:17:26.700  INFO 12351 --- [    Test worker] io.spring.api.CurrentUserApiTest         : Started CurrentUserApiTest in 1.541 seconds (JVM running for 35.474)
422 updateUser.command.email: email already exist
Vary: Origin
Vary: Access-Control-Request-Method
Vary: Access-Control-Request-Headers
Content-Type: application/json
X-Content-Type-Options: nosniff
X-XSS-Protection: 1; mode=block
Cache-Control: no-cache, no-store, max-age=0, must-revalidate
Pragma: no-cache
Expires: 0
X-Frame-Options: DENY

{
    "errors": {
        "email": [
            "email already exist"
        ]
    }
}
]]></system-out>
  <system-err><![CDATA[]]></system-err>
</testsuite>
