<?xml version="1.0" encoding="UTF-8"?>
<testsuite name="io.spring.infrastructure.article.MyBatisArticleRepositoryTest" tests="3" skipped="0" failures="0" errors="0" timestamp="2021-08-18T14:17:38" hostname="nixskillup" time="0.135">
  <properties/>
  <testcase name="should_update_and_fetch_article_success" classname="io.spring.infrastructure.article.MyBatisArticleRepositoryTest" time="0.059"/>
  <testcase name="should_delete_article" classname="io.spring.infrastructure.article.MyBatisArticleRepositoryTest" time="0.033"/>
  <testcase name="should_create_and_fetch_article_success" classname="io.spring.infrastructure.article.MyBatisArticleRepositoryTest" time="0.041"/>
  <system-out><![CDATA[
  .   ____          _            __ _ _
 /\\ / ___'_ __ _ _(_)_ __  __ _ \ \ \ \
( ( )\___ | '_ | '_| | '_ \/ _` | \ \ \ \
 \\/  ___)| |_)| | | | | || (_| |  ) ) ) )
  '  |____| .__|_| |_|_| |_\__, | / / / /
 =========|_|==============|___/=/_/_/_/
 :: Spring Boot ::                (v2.4.3)

2021-08-18 14:17:38.140  INFO 12351 --- [    Test worker] i.s.i.a.MyBatisArticleRepositoryTest     : Starting MyBatisArticleRepositoryTest using Java 11.0.11 on nixskillup with PID 12351 (started by root in /repo/test/spring-boot-realworld-example-app)
2021-08-18 14:17:38.140  INFO 12351 --- [    Test worker] i.s.i.a.MyBatisArticleRepositoryTest     : The following profiles are active: test
2021-08-18 14:17:38.738  INFO 12351 --- [    Test worker] o.f.c.internal.license.VersionPrinter    : Flyway Community Edition 7.1.1 by Redgate
2021-08-18 14:17:38.739  INFO 12351 --- [    Test worker] com.zaxxer.hikari.HikariDataSource       : HikariPool-7 - Starting...
2021-08-18 14:17:38.747  INFO 12351 --- [    Test worker] com.zaxxer.hikari.HikariDataSource       : HikariPool-7 - Start completed.
2021-08-18 14:17:38.748  INFO 12351 --- [    Test worker] o.f.c.i.database.base.DatabaseType       : Database: jdbc:sqlite::memory: (SQLite 3.34)
2021-08-18 14:17:38.750  INFO 12351 --- [    Test worker] o.f.core.internal.command.DbValidate     : Successfully validated 1 migration (execution time 00:00.000s)
2021-08-18 14:17:38.751  INFO 12351 --- [    Test worker] o.f.c.i.s.JdbcTableSchemaHistory         : Creating Schema History table "main"."flyway_schema_history" ...
2021-08-18 14:17:38.753  INFO 12351 --- [    Test worker] o.f.core.internal.command.DbMigrate      : Current version of schema "main": << Empty Schema >>
2021-08-18 14:17:38.755  INFO 12351 --- [    Test worker] o.f.core.internal.command.DbMigrate      : Migrating schema "main" to version "1 - create tables"
2021-08-18 14:17:38.768  INFO 12351 --- [    Test worker] o.f.core.internal.command.DbMigrate      : Successfully applied 1 migration to schema "main" (execution time 00:00.015s)
2021-08-18 14:17:38.820  INFO 12351 --- [    Test worker] i.s.i.a.MyBatisArticleRepositoryTest     : Started MyBatisArticleRepositoryTest in 0.726 seconds (JVM running for 47.593)
2021-08-18 14:17:38.835  INFO 12351 --- [    Test worker] o.s.t.c.transaction.TransactionContext   : Began transaction (1) for test context [DefaultTestContext@10fe0472 testClass = MyBatisArticleRepositoryTest, testInstance = io.spring.infrastructure.article.MyBatisArticleRepositoryTest@4fc319d1, testMethod = should_update_and_fetch_article_success@MyBatisArticleRepositoryTest, testException = [null], mergedContextConfiguration = [MergedContextConfiguration@40b6ca89 testClass = MyBatisArticleRepositoryTest, locations = '{}', classes = '{class io.spring.RealworldApplication}', contextInitializerClasses = '[]', activeProfiles = '{test}', propertySourceLocations = '{}', propertySourceProperties = '{org.mybatis.spring.boot.test.autoconfigure.MybatisTestContextBootstrapper=true}', contextCustomizers = set[org.springframework.boot.test.autoconfigure.OverrideAutoConfigurationContextCustomizerFactory$DisableAutoConfigurationContextCustomizer@5cddefa3, org.springframework.boot.test.autoconfigure.actuate.metrics.MetricsExportContextCustomizerFactory$DisableMetricExportContextCustomizer@6d6d6a43, org.springframework.boot.test.autoconfigure.filter.TypeExcludeFiltersContextCustomizer@351584c0, org.springframework.boot.test.autoconfigure.properties.PropertyMappingContextCustomizer@99f60a7d, org.springframework.boot.test.autoconfigure.web.servlet.WebDriverContextCustomizerFactory$Customizer@36698e22, [ImportsContextCustomizer@3cecb6c7 key = [org.springframework.boot.test.autoconfigure.jdbc.TestDatabaseAutoConfiguration, org.springframework.boot.autoconfigure.jdbc.DataSourceAutoConfiguration, org.springframework.boot.autoconfigure.cache.CacheAutoConfiguration, org.springframework.boot.autoconfigure.flyway.FlywayAutoConfiguration, org.springframework.boot.autoconfigure.jdbc.DataSourceTransactionManagerAutoConfiguration, org.springframework.boot.autoconfigure.jdbc.JdbcTemplateAutoConfiguration, org.springframework.boot.autoconfigure.liquibase.LiquibaseAutoConfiguration, org.springframework.boot.autoconfigure.transaction.TransactionAutoConfiguration, org.mybatis.spring.boot.autoconfigure.MybatisLanguageDriverAutoConfiguration, org.mybatis.spring.boot.autoconfigure.MybatisAutoConfiguration, io.spring.infrastructure.repository.MyBatisArticleRepository, io.spring.infrastructure.repository.MyBatisUserRepository]], org.springframework.boot.test.context.filter.ExcludeFilterContextCustomizer@5f9e60cd, org.springframework.boot.test.json.DuplicateJsonObjectContextCustomizerFactory$DuplicateJsonObjectContextCustomizer@4a39fd90, org.springframework.boot.test.mock.mockito.MockitoContextCustomizer@0, org.springframework.boot.test.context.SpringBootTestArgs@1, org.springframework.boot.test.context.SpringBootTestWebEnvironment@0], contextLoader = 'org.springframework.boot.test.context.SpringBootContextLoader', parent = [null]], attributes = map['org.springframework.test.context.event.ApplicationEventsTestExecutionListener.recordApplicationEvents' -> false]]; transaction manager [org.springframework.jdbc.support.JdbcTransactionManager@17d484d4]; rollback [true]
2021-08-18 14:17:38.838 DEBUG 12351 --- [    Test worker] i.s.i.m.mapper.UserMapper.findById       : ==>  Preparing: select id, username, email, password, bio, image from users where id = ?
2021-08-18 14:17:38.839 DEBUG 12351 --- [    Test worker] i.s.i.m.mapper.UserMapper.findById       : ==> Parameters: 6f24b899-f3a9-4492-ad46-34a0cdf54dd2(String)
2021-08-18 14:17:38.840 DEBUG 12351 --- [    Test worker] i.s.i.mybatis.mapper.UserMapper.insert   : ==>  Preparing: insert into users (id, username, email, password, bio, image) values( ?, ?, ?, ?, ?, ? )
2021-08-18 14:17:38.846 DEBUG 12351 --- [    Test worker] i.s.i.mybatis.mapper.UserMapper.insert   : ==> Parameters: 6f24b899-f3a9-4492-ad46-34a0cdf54dd2(String), aisensiy(String), aisensiy@gmail.com(String), 123(String), bio(String), default(String)
2021-08-18 14:17:38.846 DEBUG 12351 --- [    Test worker] i.s.i.mybatis.mapper.UserMapper.insert   : <==    Updates: 1
2021-08-18 14:17:38.847 DEBUG 12351 --- [    Test worker] i.s.i.m.mapper.ArticleMapper.findById    : ==>  Preparing: select A.id articleId, A.slug articleSlug, A.title articleTitle, A.description articleDescription, A.body articleBody, A.user_id articleUserId, A.created_at articleCreatedAt, A.updated_at articleUpdatedAt, T.id tagId, T.name tagName from articles A left join article_tags AT on A.id = AT.article_id left join tags T on T.id = AT.tag_id where A.id = ?
2021-08-18 14:17:38.848 DEBUG 12351 --- [    Test worker] i.s.i.m.mapper.ArticleMapper.findById    : ==> Parameters: 09c8283a-31ed-4b17-85ea-ab3cb78a3c75(String)
2021-08-18 14:17:38.848 DEBUG 12351 --- [    Test worker] i.s.i.m.mapper.ArticleMapper.findTag     : ==>  Preparing: select id, name from tags where name = ?
2021-08-18 14:17:38.849 DEBUG 12351 --- [    Test worker] i.s.i.m.mapper.ArticleMapper.findTag     : ==> Parameters: spring(String)
2021-08-18 14:17:38.849 DEBUG 12351 --- [    Test worker] i.s.i.m.mapper.ArticleMapper.insertTag   : ==>  Preparing: insert into tags (id, name) values (?, ?)
2021-08-18 14:17:38.849 DEBUG 12351 --- [    Test worker] i.s.i.m.mapper.ArticleMapper.insertTag   : ==> Parameters: f7e1d3ee-e872-405d-a98f-ba89552c5b43(String), spring(String)
2021-08-18 14:17:38.850 DEBUG 12351 --- [    Test worker] i.s.i.m.mapper.ArticleMapper.insertTag   : <==    Updates: 1
2021-08-18 14:17:38.850 DEBUG 12351 --- [    Test worker] i.s.i.m.m.A.insertArticleTagRelation     : ==>  Preparing: insert into article_tags (article_id, tag_id) values(?, ?)
2021-08-18 14:17:38.850 DEBUG 12351 --- [    Test worker] i.s.i.m.m.A.insertArticleTagRelation     : ==> Parameters: 09c8283a-31ed-4b17-85ea-ab3cb78a3c75(String), f7e1d3ee-e872-405d-a98f-ba89552c5b43(String)
2021-08-18 14:17:38.850 DEBUG 12351 --- [    Test worker] i.s.i.m.m.A.insertArticleTagRelation     : <==    Updates: 1
2021-08-18 14:17:38.851 DEBUG 12351 --- [    Test worker] i.s.i.m.mapper.ArticleMapper.findTag     : ==>  Preparing: select id, name from tags where name = ?
2021-08-18 14:17:38.851 DEBUG 12351 --- [    Test worker] i.s.i.m.mapper.ArticleMapper.findTag     : ==> Parameters: java(String)
2021-08-18 14:17:38.852 DEBUG 12351 --- [    Test worker] i.s.i.m.mapper.ArticleMapper.insertTag   : ==>  Preparing: insert into tags (id, name) values (?, ?)
2021-08-18 14:17:38.852 DEBUG 12351 --- [    Test worker] i.s.i.m.mapper.ArticleMapper.insertTag   : ==> Parameters: da44715a-10d6-40e8-a7f1-2fa6e6efe783(String), java(String)
2021-08-18 14:17:38.852 DEBUG 12351 --- [    Test worker] i.s.i.m.mapper.ArticleMapper.insertTag   : <==    Updates: 1
2021-08-18 14:17:38.852 DEBUG 12351 --- [    Test worker] i.s.i.m.m.A.insertArticleTagRelation     : ==>  Preparing: insert into article_tags (article_id, tag_id) values(?, ?)
2021-08-18 14:17:38.852 DEBUG 12351 --- [    Test worker] i.s.i.m.m.A.insertArticleTagRelation     : ==> Parameters: 09c8283a-31ed-4b17-85ea-ab3cb78a3c75(String), da44715a-10d6-40e8-a7f1-2fa6e6efe783(String)
2021-08-18 14:17:38.853 DEBUG 12351 --- [    Test worker] i.s.i.m.m.A.insertArticleTagRelation     : <==    Updates: 1
2021-08-18 14:17:38.853 DEBUG 12351 --- [    Test worker] i.s.i.m.mapper.ArticleMapper.insert      : ==>  Preparing: insert into articles(id, slug, title, description, body, user_id, created_at, updated_at) values( ?, ?, ?, ?, ?, ?, ?, ?)
2021-08-18 14:17:38.866 DEBUG 12351 --- [    Test worker] i.s.i.m.mapper.ArticleMapper.insert      : ==> Parameters: 09c8283a-31ed-4b17-85ea-ab3cb78a3c75(String), test(String), test(String), desc(String), body(String), 6f24b899-f3a9-4492-ad46-34a0cdf54dd2(String), 2021-08-18 14:17:38.847(Timestamp), 2021-08-18 14:17:38.847(Timestamp)
2021-08-18 14:17:38.866 DEBUG 12351 --- [    Test worker] i.s.i.m.mapper.ArticleMapper.insert      : <==    Updates: 1
2021-08-18 14:17:38.867 DEBUG 12351 --- [    Test worker] i.s.i.m.mapper.ArticleMapper.findById    : ==>  Preparing: select A.id articleId, A.slug articleSlug, A.title articleTitle, A.description articleDescription, A.body articleBody, A.user_id articleUserId, A.created_at articleCreatedAt, A.updated_at articleUpdatedAt, T.id tagId, T.name tagName from articles A left join article_tags AT on A.id = AT.article_id left join tags T on T.id = AT.tag_id where A.id = ?
2021-08-18 14:17:38.868 DEBUG 12351 --- [    Test worker] i.s.i.m.mapper.ArticleMapper.findById    : ==> Parameters: 09c8283a-31ed-4b17-85ea-ab3cb78a3c75(String)
2021-08-18 14:17:38.875 DEBUG 12351 --- [    Test worker] i.s.i.m.mapper.ArticleMapper.findById    : <==      Total: 2
2021-08-18 14:17:38.878 DEBUG 12351 --- [    Test worker] i.s.i.m.mapper.ArticleMapper.update      : ==>  Preparing: update articles SET title = ?, slug = ?, description = ?, body = ? where id = ?
2021-08-18 14:17:38.879 DEBUG 12351 --- [    Test worker] i.s.i.m.mapper.ArticleMapper.update      : ==> Parameters: new test 2(String), new-test-2(String), desc(String), body(String), 09c8283a-31ed-4b17-85ea-ab3cb78a3c75(String)
2021-08-18 14:17:38.880 DEBUG 12351 --- [    Test worker] i.s.i.m.mapper.ArticleMapper.update      : <==    Updates: 1
new-test-2
2021-08-18 14:17:38.881 DEBUG 12351 --- [    Test worker] i.s.i.m.mapper.ArticleMapper.findBySlug  : ==>  Preparing: select A.id articleId, A.slug articleSlug, A.title articleTitle, A.description articleDescription, A.body articleBody, A.user_id articleUserId, A.created_at articleCreatedAt, A.updated_at articleUpdatedAt, T.id tagId, T.name tagName from articles A left join article_tags AT on A.id = AT.article_id left join tags T on T.id = AT.tag_id where A.slug = ?
2021-08-18 14:17:38.881 DEBUG 12351 --- [    Test worker] i.s.i.m.mapper.ArticleMapper.findBySlug  : ==> Parameters: new-test-2(String)
2021-08-18 14:17:38.883 DEBUG 12351 --- [    Test worker] i.s.i.m.mapper.ArticleMapper.findBySlug  : <==      Total: 2
2021-08-18 14:17:38.887  INFO 12351 --- [    Test worker] o.s.t.c.transaction.TransactionContext   : Rolled back transaction for test: [DefaultTestContext@10fe0472 testClass = MyBatisArticleRepositoryTest, testInstance = io.spring.infrastructure.article.MyBatisArticleRepositoryTest@4fc319d1, testMethod = should_update_and_fetch_article_success@MyBatisArticleRepositoryTest, testException = [null], mergedContextConfiguration = [MergedContextConfiguration@40b6ca89 testClass = MyBatisArticleRepositoryTest, locations = '{}', classes = '{class io.spring.RealworldApplication}', contextInitializerClasses = '[]', activeProfiles = '{test}', propertySourceLocations = '{}', propertySourceProperties = '{org.mybatis.spring.boot.test.autoconfigure.MybatisTestContextBootstrapper=true}', contextCustomizers = set[org.springframework.boot.test.autoconfigure.OverrideAutoConfigurationContextCustomizerFactory$DisableAutoConfigurationContextCustomizer@5cddefa3, org.springframework.boot.test.autoconfigure.actuate.metrics.MetricsExportContextCustomizerFactory$DisableMetricExportContextCustomizer@6d6d6a43, org.springframework.boot.test.autoconfigure.filter.TypeExcludeFiltersContextCustomizer@351584c0, org.springframework.boot.test.autoconfigure.properties.PropertyMappingContextCustomizer@99f60a7d, org.springframework.boot.test.autoconfigure.web.servlet.WebDriverContextCustomizerFactory$Customizer@36698e22, [ImportsContextCustomizer@3cecb6c7 key = [org.springframework.boot.test.autoconfigure.jdbc.TestDatabaseAutoConfiguration, org.springframework.boot.autoconfigure.jdbc.DataSourceAutoConfiguration, org.springframework.boot.autoconfigure.cache.CacheAutoConfiguration, org.springframework.boot.autoconfigure.flyway.FlywayAutoConfiguration, org.springframework.boot.autoconfigure.jdbc.DataSourceTransactionManagerAutoConfiguration, org.springframework.boot.autoconfigure.jdbc.JdbcTemplateAutoConfiguration, org.springframework.boot.autoconfigure.liquibase.LiquibaseAutoConfiguration, org.springframework.boot.autoconfigure.transaction.TransactionAutoConfiguration, org.mybatis.spring.boot.autoconfigure.MybatisLanguageDriverAutoConfiguration, org.mybatis.spring.boot.autoconfigure.MybatisAutoConfiguration, io.spring.infrastructure.repository.MyBatisArticleRepository, io.spring.infrastructure.repository.MyBatisUserRepository]], org.springframework.boot.test.context.filter.ExcludeFilterContextCustomizer@5f9e60cd, org.springframework.boot.test.json.DuplicateJsonObjectContextCustomizerFactory$DuplicateJsonObjectContextCustomizer@4a39fd90, org.springframework.boot.test.mock.mockito.MockitoContextCustomizer@0, org.springframework.boot.test.context.SpringBootTestArgs@1, org.springframework.boot.test.context.SpringBootTestWebEnvironment@0], contextLoader = 'org.springframework.boot.test.context.SpringBootContextLoader', parent = [null]], attributes = map['org.springframework.test.context.event.ApplicationEventsTestExecutionListener.recordApplicationEvents' -> false]]
2021-08-18 14:17:38.890  INFO 12351 --- [    Test worker] o.s.t.c.transaction.TransactionContext   : Began transaction (1) for test context [DefaultTestContext@10fe0472 testClass = MyBatisArticleRepositoryTest, testInstance = io.spring.infrastructure.article.MyBatisArticleRepositoryTest@b8b6f76, testMethod = should_delete_article@MyBatisArticleRepositoryTest, testException = [null], mergedContextConfiguration = [MergedContextConfiguration@40b6ca89 testClass = MyBatisArticleRepositoryTest, locations = '{}', classes = '{class io.spring.RealworldApplication}', contextInitializerClasses = '[]', activeProfiles = '{test}', propertySourceLocations = '{}', propertySourceProperties = '{org.mybatis.spring.boot.test.autoconfigure.MybatisTestContextBootstrapper=true}', contextCustomizers = set[org.springframework.boot.test.autoconfigure.OverrideAutoConfigurationContextCustomizerFactory$DisableAutoConfigurationContextCustomizer@5cddefa3, org.springframework.boot.test.autoconfigure.actuate.metrics.MetricsExportContextCustomizerFactory$DisableMetricExportContextCustomizer@6d6d6a43, org.springframework.boot.test.autoconfigure.filter.TypeExcludeFiltersContextCustomizer@351584c0, org.springframework.boot.test.autoconfigure.properties.PropertyMappingContextCustomizer@99f60a7d, org.springframework.boot.test.autoconfigure.web.servlet.WebDriverContextCustomizerFactory$Customizer@36698e22, [ImportsContextCustomizer@3cecb6c7 key = [org.springframework.boot.test.autoconfigure.jdbc.TestDatabaseAutoConfiguration, org.springframework.boot.autoconfigure.jdbc.DataSourceAutoConfiguration, org.springframework.boot.autoconfigure.cache.CacheAutoConfiguration, org.springframework.boot.autoconfigure.flyway.FlywayAutoConfiguration, org.springframework.boot.autoconfigure.jdbc.DataSourceTransactionManagerAutoConfiguration, org.springframework.boot.autoconfigure.jdbc.JdbcTemplateAutoConfiguration, org.springframework.boot.autoconfigure.liquibase.LiquibaseAutoConfiguration, org.springframework.boot.autoconfigure.transaction.TransactionAutoConfiguration, org.mybatis.spring.boot.autoconfigure.MybatisLanguageDriverAutoConfiguration, org.mybatis.spring.boot.autoconfigure.MybatisAutoConfiguration, io.spring.infrastructure.repository.MyBatisArticleRepository, io.spring.infrastructure.repository.MyBatisUserRepository]], org.springframework.boot.test.context.filter.ExcludeFilterContextCustomizer@5f9e60cd, org.springframework.boot.test.json.DuplicateJsonObjectContextCustomizerFactory$DuplicateJsonObjectContextCustomizer@4a39fd90, org.springframework.boot.test.mock.mockito.MockitoContextCustomizer@0, org.springframework.boot.test.context.SpringBootTestArgs@1, org.springframework.boot.test.context.SpringBootTestWebEnvironment@0], contextLoader = 'org.springframework.boot.test.context.SpringBootContextLoader', parent = [null]], attributes = map['org.springframework.test.context.event.ApplicationEventsTestExecutionListener.recordApplicationEvents' -> false]]; transaction manager [org.springframework.jdbc.support.JdbcTransactionManager@17d484d4]; rollback [true]
2021-08-18 14:17:38.891 DEBUG 12351 --- [    Test worker] i.s.i.m.mapper.UserMapper.findById       : ==>  Preparing: select id, username, email, password, bio, image from users where id = ?
2021-08-18 14:17:38.894 DEBUG 12351 --- [    Test worker] i.s.i.m.mapper.UserMapper.findById       : ==> Parameters: 99b5cdeb-24ec-4d8e-8ff0-7b44c0c5b3d2(String)
2021-08-18 14:17:38.895 DEBUG 12351 --- [    Test worker] i.s.i.mybatis.mapper.UserMapper.insert   : ==>  Preparing: insert into users (id, username, email, password, bio, image) values( ?, ?, ?, ?, ?, ? )
2021-08-18 14:17:38.896 DEBUG 12351 --- [    Test worker] i.s.i.mybatis.mapper.UserMapper.insert   : ==> Parameters: 99b5cdeb-24ec-4d8e-8ff0-7b44c0c5b3d2(String), aisensiy(String), aisensiy@gmail.com(String), 123(String), bio(String), default(String)
2021-08-18 14:17:38.896 DEBUG 12351 --- [    Test worker] i.s.i.mybatis.mapper.UserMapper.insert   : <==    Updates: 1
2021-08-18 14:17:38.896 DEBUG 12351 --- [    Test worker] i.s.i.m.mapper.ArticleMapper.findById    : ==>  Preparing: select A.id articleId, A.slug articleSlug, A.title articleTitle, A.description articleDescription, A.body articleBody, A.user_id articleUserId, A.created_at articleCreatedAt, A.updated_at articleUpdatedAt, T.id tagId, T.name tagName from articles A left join article_tags AT on A.id = AT.article_id left join tags T on T.id = AT.tag_id where A.id = ?
2021-08-18 14:17:38.897 DEBUG 12351 --- [    Test worker] i.s.i.m.mapper.ArticleMapper.findById    : ==> Parameters: a0e4aaa2-7c1d-4ee4-a68c-8cdcf002ff54(String)
2021-08-18 14:17:38.897 DEBUG 12351 --- [    Test worker] i.s.i.m.mapper.ArticleMapper.findTag     : ==>  Preparing: select id, name from tags where name = ?
2021-08-18 14:17:38.906 DEBUG 12351 --- [    Test worker] i.s.i.m.mapper.ArticleMapper.findTag     : ==> Parameters: spring(String)
2021-08-18 14:17:38.906 DEBUG 12351 --- [    Test worker] i.s.i.m.mapper.ArticleMapper.insertTag   : ==>  Preparing: insert into tags (id, name) values (?, ?)
2021-08-18 14:17:38.907 DEBUG 12351 --- [    Test worker] i.s.i.m.mapper.ArticleMapper.insertTag   : ==> Parameters: bf12dc04-cfe7-4be3-b00f-b03d66092b41(String), spring(String)
2021-08-18 14:17:38.907 DEBUG 12351 --- [    Test worker] i.s.i.m.mapper.ArticleMapper.insertTag   : <==    Updates: 1
2021-08-18 14:17:38.908 DEBUG 12351 --- [    Test worker] i.s.i.m.m.A.insertArticleTagRelation     : ==>  Preparing: insert into article_tags (article_id, tag_id) values(?, ?)
2021-08-18 14:17:38.908 DEBUG 12351 --- [    Test worker] i.s.i.m.m.A.insertArticleTagRelation     : ==> Parameters: a0e4aaa2-7c1d-4ee4-a68c-8cdcf002ff54(String), bf12dc04-cfe7-4be3-b00f-b03d66092b41(String)
2021-08-18 14:17:38.908 DEBUG 12351 --- [    Test worker] i.s.i.m.m.A.insertArticleTagRelation     : <==    Updates: 1
2021-08-18 14:17:38.908 DEBUG 12351 --- [    Test worker] i.s.i.m.mapper.ArticleMapper.findTag     : ==>  Preparing: select id, name from tags where name = ?
2021-08-18 14:17:38.909 DEBUG 12351 --- [    Test worker] i.s.i.m.mapper.ArticleMapper.findTag     : ==> Parameters: java(String)
2021-08-18 14:17:38.909 DEBUG 12351 --- [    Test worker] i.s.i.m.mapper.ArticleMapper.insertTag   : ==>  Preparing: insert into tags (id, name) values (?, ?)
2021-08-18 14:17:38.909 DEBUG 12351 --- [    Test worker] i.s.i.m.mapper.ArticleMapper.insertTag   : ==> Parameters: b416adfa-1901-4689-99f6-2fc0e165db19(String), java(String)
2021-08-18 14:17:38.910 DEBUG 12351 --- [    Test worker] i.s.i.m.mapper.ArticleMapper.insertTag   : <==    Updates: 1
2021-08-18 14:17:38.910 DEBUG 12351 --- [    Test worker] i.s.i.m.m.A.insertArticleTagRelation     : ==>  Preparing: insert into article_tags (article_id, tag_id) values(?, ?)
2021-08-18 14:17:38.911 DEBUG 12351 --- [    Test worker] i.s.i.m.m.A.insertArticleTagRelation     : ==> Parameters: a0e4aaa2-7c1d-4ee4-a68c-8cdcf002ff54(String), b416adfa-1901-4689-99f6-2fc0e165db19(String)
2021-08-18 14:17:38.911 DEBUG 12351 --- [    Test worker] i.s.i.m.m.A.insertArticleTagRelation     : <==    Updates: 1
2021-08-18 14:17:38.911 DEBUG 12351 --- [    Test worker] i.s.i.m.mapper.ArticleMapper.insert      : ==>  Preparing: insert into articles(id, slug, title, description, body, user_id, created_at, updated_at) values( ?, ?, ?, ?, ?, ?, ?, ?)
2021-08-18 14:17:38.913 DEBUG 12351 --- [    Test worker] i.s.i.m.mapper.ArticleMapper.insert      : ==> Parameters: a0e4aaa2-7c1d-4ee4-a68c-8cdcf002ff54(String), test(String), test(String), desc(String), body(String), 99b5cdeb-24ec-4d8e-8ff0-7b44c0c5b3d2(String), 2021-08-18 14:17:38.896(Timestamp), 2021-08-18 14:17:38.896(Timestamp)
2021-08-18 14:17:38.914 DEBUG 12351 --- [    Test worker] i.s.i.m.mapper.ArticleMapper.insert      : <==    Updates: 1
2021-08-18 14:17:38.914 DEBUG 12351 --- [    Test worker] i.s.i.m.mapper.ArticleMapper.delete      : ==>  Preparing: delete from articles where id = ?
2021-08-18 14:17:38.915 DEBUG 12351 --- [    Test worker] i.s.i.m.mapper.ArticleMapper.delete      : ==> Parameters: a0e4aaa2-7c1d-4ee4-a68c-8cdcf002ff54(String)
2021-08-18 14:17:38.915 DEBUG 12351 --- [    Test worker] i.s.i.m.mapper.ArticleMapper.delete      : <==    Updates: 1
2021-08-18 14:17:38.916 DEBUG 12351 --- [    Test worker] i.s.i.m.mapper.ArticleMapper.findById    : ==>  Preparing: select A.id articleId, A.slug articleSlug, A.title articleTitle, A.description articleDescription, A.body articleBody, A.user_id articleUserId, A.created_at articleCreatedAt, A.updated_at articleUpdatedAt, T.id tagId, T.name tagName from articles A left join article_tags AT on A.id = AT.article_id left join tags T on T.id = AT.tag_id where A.id = ?
2021-08-18 14:17:38.916 DEBUG 12351 --- [    Test worker] i.s.i.m.mapper.ArticleMapper.findById    : ==> Parameters: a0e4aaa2-7c1d-4ee4-a68c-8cdcf002ff54(String)
2021-08-18 14:17:38.918  INFO 12351 --- [    Test worker] o.s.t.c.transaction.TransactionContext   : Rolled back transaction for test: [DefaultTestContext@10fe0472 testClass = MyBatisArticleRepositoryTest, testInstance = io.spring.infrastructure.article.MyBatisArticleRepositoryTest@b8b6f76, testMethod = should_delete_article@MyBatisArticleRepositoryTest, testException = [null], mergedContextConfiguration = [MergedContextConfiguration@40b6ca89 testClass = MyBatisArticleRepositoryTest, locations = '{}', classes = '{class io.spring.RealworldApplication}', contextInitializerClasses = '[]', activeProfiles = '{test}', propertySourceLocations = '{}', propertySourceProperties = '{org.mybatis.spring.boot.test.autoconfigure.MybatisTestContextBootstrapper=true}', contextCustomizers = set[org.springframework.boot.test.autoconfigure.OverrideAutoConfigurationContextCustomizerFactory$DisableAutoConfigurationContextCustomizer@5cddefa3, org.springframework.boot.test.autoconfigure.actuate.metrics.MetricsExportContextCustomizerFactory$DisableMetricExportContextCustomizer@6d6d6a43, org.springframework.boot.test.autoconfigure.filter.TypeExcludeFiltersContextCustomizer@351584c0, org.springframework.boot.test.autoconfigure.properties.PropertyMappingContextCustomizer@99f60a7d, org.springframework.boot.test.autoconfigure.web.servlet.WebDriverContextCustomizerFactory$Customizer@36698e22, [ImportsContextCustomizer@3cecb6c7 key = [org.springframework.boot.test.autoconfigure.jdbc.TestDatabaseAutoConfiguration, org.springframework.boot.autoconfigure.jdbc.DataSourceAutoConfiguration, org.springframework.boot.autoconfigure.cache.CacheAutoConfiguration, org.springframework.boot.autoconfigure.flyway.FlywayAutoConfiguration, org.springframework.boot.autoconfigure.jdbc.DataSourceTransactionManagerAutoConfiguration, org.springframework.boot.autoconfigure.jdbc.JdbcTemplateAutoConfiguration, org.springframework.boot.autoconfigure.liquibase.LiquibaseAutoConfiguration, org.springframework.boot.autoconfigure.transaction.TransactionAutoConfiguration, org.mybatis.spring.boot.autoconfigure.MybatisLanguageDriverAutoConfiguration, org.mybatis.spring.boot.autoconfigure.MybatisAutoConfiguration, io.spring.infrastructure.repository.MyBatisArticleRepository, io.spring.infrastructure.repository.MyBatisUserRepository]], org.springframework.boot.test.context.filter.ExcludeFilterContextCustomizer@5f9e60cd, org.springframework.boot.test.json.DuplicateJsonObjectContextCustomizerFactory$DuplicateJsonObjectContextCustomizer@4a39fd90, org.springframework.boot.test.mock.mockito.MockitoContextCustomizer@0, org.springframework.boot.test.context.SpringBootTestArgs@1, org.springframework.boot.test.context.SpringBootTestWebEnvironment@0], contextLoader = 'org.springframework.boot.test.context.SpringBootContextLoader', parent = [null]], attributes = map['org.springframework.test.context.event.ApplicationEventsTestExecutionListener.recordApplicationEvents' -> false]]
2021-08-18 14:17:38.924  INFO 12351 --- [    Test worker] o.s.t.c.transaction.TransactionContext   : Began transaction (1) for test context [DefaultTestContext@10fe0472 testClass = MyBatisArticleRepositoryTest, testInstance = io.spring.infrastructure.article.MyBatisArticleRepositoryTest@241cc5f6, testMethod = should_create_and_fetch_article_success@MyBatisArticleRepositoryTest, testException = [null], mergedContextConfiguration = [MergedContextConfiguration@40b6ca89 testClass = MyBatisArticleRepositoryTest, locations = '{}', classes = '{class io.spring.RealworldApplication}', contextInitializerClasses = '[]', activeProfiles = '{test}', propertySourceLocations = '{}', propertySourceProperties = '{org.mybatis.spring.boot.test.autoconfigure.MybatisTestContextBootstrapper=true}', contextCustomizers = set[org.springframework.boot.test.autoconfigure.OverrideAutoConfigurationContextCustomizerFactory$DisableAutoConfigurationContextCustomizer@5cddefa3, org.springframework.boot.test.autoconfigure.actuate.metrics.MetricsExportContextCustomizerFactory$DisableMetricExportContextCustomizer@6d6d6a43, org.springframework.boot.test.autoconfigure.filter.TypeExcludeFiltersContextCustomizer@351584c0, org.springframework.boot.test.autoconfigure.properties.PropertyMappingContextCustomizer@99f60a7d, org.springframework.boot.test.autoconfigure.web.servlet.WebDriverContextCustomizerFactory$Customizer@36698e22, [ImportsContextCustomizer@3cecb6c7 key = [org.springframework.boot.test.autoconfigure.jdbc.TestDatabaseAutoConfiguration, org.springframework.boot.autoconfigure.jdbc.DataSourceAutoConfiguration, org.springframework.boot.autoconfigure.cache.CacheAutoConfiguration, org.springframework.boot.autoconfigure.flyway.FlywayAutoConfiguration, org.springframework.boot.autoconfigure.jdbc.DataSourceTransactionManagerAutoConfiguration, org.springframework.boot.autoconfigure.jdbc.JdbcTemplateAutoConfiguration, org.springframework.boot.autoconfigure.liquibase.LiquibaseAutoConfiguration, org.springframework.boot.autoconfigure.transaction.TransactionAutoConfiguration, org.mybatis.spring.boot.autoconfigure.MybatisLanguageDriverAutoConfiguration, org.mybatis.spring.boot.autoconfigure.MybatisAutoConfiguration, io.spring.infrastructure.repository.MyBatisArticleRepository, io.spring.infrastructure.repository.MyBatisUserRepository]], org.springframework.boot.test.context.filter.ExcludeFilterContextCustomizer@5f9e60cd, org.springframework.boot.test.json.DuplicateJsonObjectContextCustomizerFactory$DuplicateJsonObjectContextCustomizer@4a39fd90, org.springframework.boot.test.mock.mockito.MockitoContextCustomizer@0, org.springframework.boot.test.context.SpringBootTestArgs@1, org.springframework.boot.test.context.SpringBootTestWebEnvironment@0], contextLoader = 'org.springframework.boot.test.context.SpringBootContextLoader', parent = [null]], attributes = map['org.springframework.test.context.event.ApplicationEventsTestExecutionListener.recordApplicationEvents' -> false]]; transaction manager [org.springframework.jdbc.support.JdbcTransactionManager@17d484d4]; rollback [true]
2021-08-18 14:17:38.938 DEBUG 12351 --- [    Test worker] i.s.i.m.mapper.UserMapper.findById       : ==>  Preparing: select id, username, email, password, bio, image from users where id = ?
2021-08-18 14:17:38.939 DEBUG 12351 --- [    Test worker] i.s.i.m.mapper.UserMapper.findById       : ==> Parameters: 3eec1e5b-d236-45f7-9d2f-e436a4b27877(String)
2021-08-18 14:17:38.940 DEBUG 12351 --- [    Test worker] i.s.i.mybatis.mapper.UserMapper.insert   : ==>  Preparing: insert into users (id, username, email, password, bio, image) values( ?, ?, ?, ?, ?, ? )
2021-08-18 14:17:38.940 DEBUG 12351 --- [    Test worker] i.s.i.mybatis.mapper.UserMapper.insert   : ==> Parameters: 3eec1e5b-d236-45f7-9d2f-e436a4b27877(String), aisensiy(String), aisensiy@gmail.com(String), 123(String), bio(String), default(String)
2021-08-18 14:17:38.941 DEBUG 12351 --- [    Test worker] i.s.i.mybatis.mapper.UserMapper.insert   : <==    Updates: 1
2021-08-18 14:17:38.941 DEBUG 12351 --- [    Test worker] i.s.i.m.mapper.ArticleMapper.findById    : ==>  Preparing: select A.id articleId, A.slug articleSlug, A.title articleTitle, A.description articleDescription, A.body articleBody, A.user_id articleUserId, A.created_at articleCreatedAt, A.updated_at articleUpdatedAt, T.id tagId, T.name tagName from articles A left join article_tags AT on A.id = AT.article_id left join tags T on T.id = AT.tag_id where A.id = ?
2021-08-18 14:17:38.942 DEBUG 12351 --- [    Test worker] i.s.i.m.mapper.ArticleMapper.findById    : ==> Parameters: eccc01c1-9dbf-4b7a-a7f3-fba4fc462eab(String)
2021-08-18 14:17:38.942 DEBUG 12351 --- [    Test worker] i.s.i.m.mapper.ArticleMapper.findTag     : ==>  Preparing: select id, name from tags where name = ?
2021-08-18 14:17:38.943 DEBUG 12351 --- [    Test worker] i.s.i.m.mapper.ArticleMapper.findTag     : ==> Parameters: spring(String)
2021-08-18 14:17:38.943 DEBUG 12351 --- [    Test worker] i.s.i.m.mapper.ArticleMapper.insertTag   : ==>  Preparing: insert into tags (id, name) values (?, ?)
2021-08-18 14:17:38.944 DEBUG 12351 --- [    Test worker] i.s.i.m.mapper.ArticleMapper.insertTag   : ==> Parameters: 065303c2-b4ce-4c92-98b0-2dea2f8be6d7(String), spring(String)
2021-08-18 14:17:38.944 DEBUG 12351 --- [    Test worker] i.s.i.m.mapper.ArticleMapper.insertTag   : <==    Updates: 1
2021-08-18 14:17:38.947 DEBUG 12351 --- [    Test worker] i.s.i.m.m.A.insertArticleTagRelation     : ==>  Preparing: insert into article_tags (article_id, tag_id) values(?, ?)
2021-08-18 14:17:38.948 DEBUG 12351 --- [    Test worker] i.s.i.m.m.A.insertArticleTagRelation     : ==> Parameters: eccc01c1-9dbf-4b7a-a7f3-fba4fc462eab(String), 065303c2-b4ce-4c92-98b0-2dea2f8be6d7(String)
2021-08-18 14:17:38.949 DEBUG 12351 --- [    Test worker] i.s.i.m.m.A.insertArticleTagRelation     : <==    Updates: 1
2021-08-18 14:17:38.949 DEBUG 12351 --- [    Test worker] i.s.i.m.mapper.ArticleMapper.findTag     : ==>  Preparing: select id, name from tags where name = ?
2021-08-18 14:17:38.950 DEBUG 12351 --- [    Test worker] i.s.i.m.mapper.ArticleMapper.findTag     : ==> Parameters: java(String)
2021-08-18 14:17:38.951 DEBUG 12351 --- [    Test worker] i.s.i.m.mapper.ArticleMapper.insertTag   : ==>  Preparing: insert into tags (id, name) values (?, ?)
2021-08-18 14:17:38.951 DEBUG 12351 --- [    Test worker] i.s.i.m.mapper.ArticleMapper.insertTag   : ==> Parameters: dffe1406-64df-421b-8469-ad08c2004d42(String), java(String)
2021-08-18 14:17:38.951 DEBUG 12351 --- [    Test worker] i.s.i.m.mapper.ArticleMapper.insertTag   : <==    Updates: 1
2021-08-18 14:17:38.952 DEBUG 12351 --- [    Test worker] i.s.i.m.m.A.insertArticleTagRelation     : ==>  Preparing: insert into article_tags (article_id, tag_id) values(?, ?)
2021-08-18 14:17:38.952 DEBUG 12351 --- [    Test worker] i.s.i.m.m.A.insertArticleTagRelation     : ==> Parameters: eccc01c1-9dbf-4b7a-a7f3-fba4fc462eab(String), dffe1406-64df-421b-8469-ad08c2004d42(String)
2021-08-18 14:17:38.952 DEBUG 12351 --- [    Test worker] i.s.i.m.m.A.insertArticleTagRelation     : <==    Updates: 1
2021-08-18 14:17:38.952 DEBUG 12351 --- [    Test worker] i.s.i.m.mapper.ArticleMapper.insert      : ==>  Preparing: insert into articles(id, slug, title, description, body, user_id, created_at, updated_at) values( ?, ?, ?, ?, ?, ?, ?, ?)
2021-08-18 14:17:38.953 DEBUG 12351 --- [    Test worker] i.s.i.m.mapper.ArticleMapper.insert      : ==> Parameters: eccc01c1-9dbf-4b7a-a7f3-fba4fc462eab(String), test(String), test(String), desc(String), body(String), 3eec1e5b-d236-45f7-9d2f-e436a4b27877(String), 2021-08-18 14:17:38.941(Timestamp), 2021-08-18 14:17:38.941(Timestamp)
2021-08-18 14:17:38.953 DEBUG 12351 --- [    Test worker] i.s.i.m.mapper.ArticleMapper.insert      : <==    Updates: 1
2021-08-18 14:17:38.954 DEBUG 12351 --- [    Test worker] i.s.i.m.mapper.ArticleMapper.findById    : ==>  Preparing: select A.id articleId, A.slug articleSlug, A.title articleTitle, A.description articleDescription, A.body articleBody, A.user_id articleUserId, A.created_at articleCreatedAt, A.updated_at articleUpdatedAt, T.id tagId, T.name tagName from articles A left join article_tags AT on A.id = AT.article_id left join tags T on T.id = AT.tag_id where A.id = ?
2021-08-18 14:17:38.954 DEBUG 12351 --- [    Test worker] i.s.i.m.mapper.ArticleMapper.findById    : ==> Parameters: eccc01c1-9dbf-4b7a-a7f3-fba4fc462eab(String)
2021-08-18 14:17:38.961 DEBUG 12351 --- [    Test worker] i.s.i.m.mapper.ArticleMapper.findById    : <==      Total: 2
2021-08-18 14:17:38.963  INFO 12351 --- [    Test worker] o.s.t.c.transaction.TransactionContext   : Rolled back transaction for test: [DefaultTestContext@10fe0472 testClass = MyBatisArticleRepositoryTest, testInstance = io.spring.infrastructure.article.MyBatisArticleRepositoryTest@241cc5f6, testMethod = should_create_and_fetch_article_success@MyBatisArticleRepositoryTest, testException = [null], mergedContextConfiguration = [MergedContextConfiguration@40b6ca89 testClass = MyBatisArticleRepositoryTest, locations = '{}', classes = '{class io.spring.RealworldApplication}', contextInitializerClasses = '[]', activeProfiles = '{test}', propertySourceLocations = '{}', propertySourceProperties = '{org.mybatis.spring.boot.test.autoconfigure.MybatisTestContextBootstrapper=true}', contextCustomizers = set[org.springframework.boot.test.autoconfigure.OverrideAutoConfigurationContextCustomizerFactory$DisableAutoConfigurationContextCustomizer@5cddefa3, org.springframework.boot.test.autoconfigure.actuate.metrics.MetricsExportContextCustomizerFactory$DisableMetricExportContextCustomizer@6d6d6a43, org.springframework.boot.test.autoconfigure.filter.TypeExcludeFiltersContextCustomizer@351584c0, org.springframework.boot.test.autoconfigure.properties.PropertyMappingContextCustomizer@99f60a7d, org.springframework.boot.test.autoconfigure.web.servlet.WebDriverContextCustomizerFactory$Customizer@36698e22, [ImportsContextCustomizer@3cecb6c7 key = [org.springframework.boot.test.autoconfigure.jdbc.TestDatabaseAutoConfiguration, org.springframework.boot.autoconfigure.jdbc.DataSourceAutoConfiguration, org.springframework.boot.autoconfigure.cache.CacheAutoConfiguration, org.springframework.boot.autoconfigure.flyway.FlywayAutoConfiguration, org.springframework.boot.autoconfigure.jdbc.DataSourceTransactionManagerAutoConfiguration, org.springframework.boot.autoconfigure.jdbc.JdbcTemplateAutoConfiguration, org.springframework.boot.autoconfigure.liquibase.LiquibaseAutoConfiguration, org.springframework.boot.autoconfigure.transaction.TransactionAutoConfiguration, org.mybatis.spring.boot.autoconfigure.MybatisLanguageDriverAutoConfiguration, org.mybatis.spring.boot.autoconfigure.MybatisAutoConfiguration, io.spring.infrastructure.repository.MyBatisArticleRepository, io.spring.infrastructure.repository.MyBatisUserRepository]], org.springframework.boot.test.context.filter.ExcludeFilterContextCustomizer@5f9e60cd, org.springframework.boot.test.json.DuplicateJsonObjectContextCustomizerFactory$DuplicateJsonObjectContextCustomizer@4a39fd90, org.springframework.boot.test.mock.mockito.MockitoContextCustomizer@0, org.springframework.boot.test.context.SpringBootTestArgs@1, org.springframework.boot.test.context.SpringBootTestWebEnvironment@0], contextLoader = 'org.springframework.boot.test.context.SpringBootContextLoader', parent = [null]], attributes = map['org.springframework.test.context.event.ApplicationEventsTestExecutionListener.recordApplicationEvents' -> false]]
]]></system-out>
  <system-err><![CDATA[]]></system-err>
</testsuite>
