<?xml version="1.0" encoding="UTF-8"?>
<testsuite name="io.spring.application.profile.ProfileQueryServiceTest" tests="1" skipped="0" failures="0" errors="0" timestamp="2021-08-18T14:17:37" hostname="nixskillup" time="0.027">
  <properties/>
  <testcase name="should_fetch_profile_success" classname="io.spring.application.profile.ProfileQueryServiceTest" time="0.027"/>
  <system-out><![CDATA[
  .   ____          _            __ _ _
 /\\ / ___'_ __ _ _(_)_ __  __ _ \ \ \ \
( ( )\___ | '_ | '_| | '_ \/ _` | \ \ \ \
 \\/  ___)| |_)| | | | | || (_| |  ) ) ) )
  '  |____| .__|_| |_|_| |_\__, | / / / /
 =========|_|==============|___/=/_/_/_/
 :: Spring Boot ::                (v2.4.3)

2021-08-18 14:17:36.471  INFO 12351 --- [    Test worker] i.s.a.profile.ProfileQueryServiceTest    : Starting ProfileQueryServiceTest using Java 11.0.11 on nixskillup with PID 12351 (started by root in /repo/test/spring-boot-realworld-example-app)
2021-08-18 14:17:36.472  INFO 12351 --- [    Test worker] i.s.a.profile.ProfileQueryServiceTest    : The following profiles are active: test
2021-08-18 14:17:37.135  INFO 12351 --- [    Test worker] o.f.c.internal.license.VersionPrinter    : Flyway Community Edition 7.1.1 by Redgate
2021-08-18 14:17:37.136  INFO 12351 --- [    Test worker] com.zaxxer.hikari.HikariDataSource       : HikariPool-5 - Starting...
2021-08-18 14:17:37.137  INFO 12351 --- [    Test worker] com.zaxxer.hikari.HikariDataSource       : HikariPool-5 - Start completed.
2021-08-18 14:17:37.137  INFO 12351 --- [    Test worker] o.f.c.i.database.base.DatabaseType       : Database: jdbc:sqlite::memory: (SQLite 3.34)
2021-08-18 14:17:37.138  INFO 12351 --- [    Test worker] o.f.core.internal.command.DbValidate     : Successfully validated 1 migration (execution time 00:00.000s)
2021-08-18 14:17:37.140  INFO 12351 --- [    Test worker] o.f.c.i.s.JdbcTableSchemaHistory         : Creating Schema History table "main"."flyway_schema_history" ...
2021-08-18 14:17:37.142  INFO 12351 --- [    Test worker] o.f.core.internal.command.DbMigrate      : Current version of schema "main": << Empty Schema >>
2021-08-18 14:17:37.145  INFO 12351 --- [    Test worker] o.f.core.internal.command.DbMigrate      : Migrating schema "main" to version "1 - create tables"
2021-08-18 14:17:37.148  INFO 12351 --- [    Test worker] o.f.core.internal.command.DbMigrate      : Successfully applied 1 migration to schema "main" (execution time 00:00.005s)
2021-08-18 14:17:37.211  INFO 12351 --- [    Test worker] i.s.a.profile.ProfileQueryServiceTest    : Started ProfileQueryServiceTest in 0.775 seconds (JVM running for 45.985)
2021-08-18 14:17:37.234  INFO 12351 --- [    Test worker] o.s.t.c.transaction.TransactionContext   : Began transaction (1) for test context [DefaultTestContext@1b36f71a testClass = ProfileQueryServiceTest, testInstance = io.spring.application.profile.ProfileQueryServiceTest@2708365a, testMethod = should_fetch_profile_success@ProfileQueryServiceTest, testException = [null], mergedContextConfiguration = [MergedContextConfiguration@3dbc00e9 testClass = ProfileQueryServiceTest, locations = '{}', classes = '{class io.spring.RealworldApplication}', contextInitializerClasses = '[]', activeProfiles = '{test}', propertySourceLocations = '{}', propertySourceProperties = '{org.mybatis.spring.boot.test.autoconfigure.MybatisTestContextBootstrapper=true}', contextCustomizers = set[org.springframework.boot.test.autoconfigure.OverrideAutoConfigurationContextCustomizerFactory$DisableAutoConfigurationContextCustomizer@5cddefa3, org.springframework.boot.test.autoconfigure.actuate.metrics.MetricsExportContextCustomizerFactory$DisableMetricExportContextCustomizer@6d6d6a43, org.springframework.boot.test.autoconfigure.filter.TypeExcludeFiltersContextCustomizer@351584c0, org.springframework.boot.test.autoconfigure.properties.PropertyMappingContextCustomizer@99f60a7d, org.springframework.boot.test.autoconfigure.web.servlet.WebDriverContextCustomizerFactory$Customizer@36698e22, [ImportsContextCustomizer@1b615f99 key = [io.spring.application.ProfileQueryService, io.spring.infrastructure.repository.MyBatisUserRepository, org.springframework.boot.test.autoconfigure.jdbc.TestDatabaseAutoConfiguration, org.springframework.boot.autoconfigure.jdbc.DataSourceAutoConfiguration, org.springframework.boot.autoconfigure.cache.CacheAutoConfiguration, org.springframework.boot.autoconfigure.flyway.FlywayAutoConfiguration, org.springframework.boot.autoconfigure.jdbc.DataSourceTransactionManagerAutoConfiguration, org.springframework.boot.autoconfigure.jdbc.JdbcTemplateAutoConfiguration, org.springframework.boot.autoconfigure.liquibase.LiquibaseAutoConfiguration, org.springframework.boot.autoconfigure.transaction.TransactionAutoConfiguration, org.mybatis.spring.boot.autoconfigure.MybatisLanguageDriverAutoConfiguration, org.mybatis.spring.boot.autoconfigure.MybatisAutoConfiguration]], org.springframework.boot.test.context.filter.ExcludeFilterContextCustomizer@5f9e60cd, org.springframework.boot.test.json.DuplicateJsonObjectContextCustomizerFactory$DuplicateJsonObjectContextCustomizer@4a39fd90, org.springframework.boot.test.mock.mockito.MockitoContextCustomizer@0, org.springframework.boot.test.context.SpringBootTestArgs@1, org.springframework.boot.test.context.SpringBootTestWebEnvironment@0], contextLoader = 'org.springframework.boot.test.context.SpringBootContextLoader', parent = [null]], attributes = map['org.springframework.test.context.event.ApplicationEventsTestExecutionListener.recordApplicationEvents' -> false]]; transaction manager [org.springframework.jdbc.support.JdbcTransactionManager@6d6c90f8]; rollback [true]
2021-08-18 14:17:37.245 DEBUG 12351 --- [    Test worker] i.s.i.m.mapper.UserMapper.findById       : ==>  Preparing: select id, username, email, password, bio, image from users where id = ?
2021-08-18 14:17:37.247 DEBUG 12351 --- [    Test worker] i.s.i.m.mapper.UserMapper.findById       : ==> Parameters: 400d0481-d348-4adf-947c-b47fd1420311(String)
2021-08-18 14:17:37.247 DEBUG 12351 --- [    Test worker] i.s.i.mybatis.mapper.UserMapper.insert   : ==>  Preparing: insert into users (id, username, email, password, bio, image) values( ?, ?, ?, ?, ?, ? )
2021-08-18 14:17:37.248 DEBUG 12351 --- [    Test worker] i.s.i.mybatis.mapper.UserMapper.insert   : ==> Parameters: 400d0481-d348-4adf-947c-b47fd1420311(String), p(String), p@test.com(String), 123(String), (String), (String)
2021-08-18 14:17:37.248 DEBUG 12351 --- [    Test worker] i.s.i.mybatis.mapper.UserMapper.insert   : <==    Updates: 1
2021-08-18 14:17:37.255  INFO 12351 --- [    Test worker] o.s.t.c.transaction.TransactionContext   : Rolled back transaction for test: [DefaultTestContext@1b36f71a testClass = ProfileQueryServiceTest, testInstance = io.spring.application.profile.ProfileQueryServiceTest@2708365a, testMethod = should_fetch_profile_success@ProfileQueryServiceTest, testException = [null], mergedContextConfiguration = [MergedContextConfiguration@3dbc00e9 testClass = ProfileQueryServiceTest, locations = '{}', classes = '{class io.spring.RealworldApplication}', contextInitializerClasses = '[]', activeProfiles = '{test}', propertySourceLocations = '{}', propertySourceProperties = '{org.mybatis.spring.boot.test.autoconfigure.MybatisTestContextBootstrapper=true}', contextCustomizers = set[org.springframework.boot.test.autoconfigure.OverrideAutoConfigurationContextCustomizerFactory$DisableAutoConfigurationContextCustomizer@5cddefa3, org.springframework.boot.test.autoconfigure.actuate.metrics.MetricsExportContextCustomizerFactory$DisableMetricExportContextCustomizer@6d6d6a43, org.springframework.boot.test.autoconfigure.filter.TypeExcludeFiltersContextCustomizer@351584c0, org.springframework.boot.test.autoconfigure.properties.PropertyMappingContextCustomizer@99f60a7d, org.springframework.boot.test.autoconfigure.web.servlet.WebDriverContextCustomizerFactory$Customizer@36698e22, [ImportsContextCustomizer@1b615f99 key = [io.spring.application.ProfileQueryService, io.spring.infrastructure.repository.MyBatisUserRepository, org.springframework.boot.test.autoconfigure.jdbc.TestDatabaseAutoConfiguration, org.springframework.boot.autoconfigure.jdbc.DataSourceAutoConfiguration, org.springframework.boot.autoconfigure.cache.CacheAutoConfiguration, org.springframework.boot.autoconfigure.flyway.FlywayAutoConfiguration, org.springframework.boot.autoconfigure.jdbc.DataSourceTransactionManagerAutoConfiguration, org.springframework.boot.autoconfigure.jdbc.JdbcTemplateAutoConfiguration, org.springframework.boot.autoconfigure.liquibase.LiquibaseAutoConfiguration, org.springframework.boot.autoconfigure.transaction.TransactionAutoConfiguration, org.mybatis.spring.boot.autoconfigure.MybatisLanguageDriverAutoConfiguration, org.mybatis.spring.boot.autoconfigure.MybatisAutoConfiguration]], org.springframework.boot.test.context.filter.ExcludeFilterContextCustomizer@5f9e60cd, org.springframework.boot.test.json.DuplicateJsonObjectContextCustomizerFactory$DuplicateJsonObjectContextCustomizer@4a39fd90, org.springframework.boot.test.mock.mockito.MockitoContextCustomizer@0, org.springframework.boot.test.context.SpringBootTestArgs@1, org.springframework.boot.test.context.SpringBootTestWebEnvironment@0], contextLoader = 'org.springframework.boot.test.context.SpringBootContextLoader', parent = [null]], attributes = map['org.springframework.test.context.event.ApplicationEventsTestExecutionListener.recordApplicationEvents' -> false]]
]]></system-out>
  <system-err><![CDATA[]]></system-err>
</testsuite>
